<?xml version="1.0" encoding="UTF-8"?>
<!-- Generated by org.testng.reporters.JUnitXMLReporter -->
<testsuite ignored="28" hostname="niveus-HP-EliteBook-820-G3" failures="0" tests="15" name="Surefire test" time="466.861" errors="0" timestamp="2020-10-09T13:41:05 IST">
  <testcase classname="com.niveus.AssigningDoctorTest" name="assigningDoctorTest" time="14.058"/>
  <testcase classname="com.niveus.SearchValidationTest" name="patientSearchTest" time="11.847"/>
  <testcase classname="com.niveus.UploadDocumentTest" name="uploadDocumentValidation" time="22.197"/>
  <testcase classname="com.niveus.ParticipantTest" name="participantValidationTest" time="38.013"/>
  <testcase classname="com.niveus.AddSpecialityTest" name="addspecialityValidationTest" time="27.584"/>
  <testcase classname="com.niveus.PatientInfoTest" name="patientInfoValidationTest" time="21.394"/>
  <testcase classname="com.niveus.ResponderStatusTest" name="statusValidation" time="39.452"/>
  <testcase classname="com.niveus.ProfileUpadateTest" name="updateProfileInformation" time="11.898"/>
  <testcase classname="com.niveus.MediaFileTest" name="mediaFileValidation" time="36.095"/>
  <testcase classname="com.niveus.FilterTest" name="filterValidationTest" time="16.883"/>
  <testcase classname="com.niveus.LoginTest" name="loginPageTest" time="4.427"/>
  <testcase classname="com.niveus.ChatMemberTest" name="chatMemeberValidation" time="21.498"/>
  <testcase classname="com.niveus.AddNewPatientTest" name="addNewPatientTest" time="21.219"/>
  <testcase classname="com.niveus.UploadPhotosTest" name="uploadPhotoValidation" time="24.905"/>
  <testcase classname="com.niveus.CloseCodeTest" name="closeCodeValidationTest" time="29.467"/>
  <testcase classname="com.niveus.Base" name="@BeforeSuite setUp" time="0.0">
    <ignored/>
  </testcase> <!-- @BeforeSuite setUp -->
  <testcase classname="com.niveus.Base" name="@BeforeSuite setUp" time="0.0">
    <ignored/>
  </testcase> <!-- @BeforeSuite setUp -->
  <testcase classname="com.niveus.Base" name="@BeforeSuite setUp" time="0.0">
    <ignored/>
  </testcase> <!-- @BeforeSuite setUp -->
  <testcase classname="com.niveus.Base" name="@BeforeSuite setUp" time="0.0">
    <ignored/>
  </testcase> <!-- @BeforeSuite setUp -->
  <testcase classname="com.niveus.Base" name="@BeforeSuite setUp" time="0.0">
    <ignored/>
  </testcase> <!-- @BeforeSuite setUp -->
  <testcase classname="com.niveus.Base" name="@BeforeSuite setUp" time="0.0">
    <ignored/>
  </testcase> <!-- @BeforeSuite setUp -->
  <testcase classname="com.niveus.Base" name="@BeforeSuite setUp" time="0.0">
    <ignored/>
  </testcase> <!-- @BeforeSuite setUp -->
  <testcase classname="com.niveus.Base" name="@BeforeSuite setUp" time="0.0">
    <ignored/>
  </testcase> <!-- @BeforeSuite setUp -->
  <testcase classname="com.niveus.Base" name="@BeforeSuite setUp" time="0.0">
    <ignored/>
  </testcase> <!-- @BeforeSuite setUp -->
  <testcase classname="com.niveus.Base" name="@BeforeSuite setUp" time="0.0">
    <ignored/>
  </testcase> <!-- @BeforeSuite setUp -->
  <testcase classname="com.niveus.Base" name="@BeforeSuite setUp" time="0.0">
    <ignored/>
  </testcase> <!-- @BeforeSuite setUp -->
  <testcase classname="com.niveus.Base" name="@BeforeSuite setUp" time="0.0">
    <ignored/>
  </testcase> <!-- @BeforeSuite setUp -->
  <testcase classname="com.niveus.Base" name="@BeforeSuite setUp" time="0.0">
    <ignored/>
  </testcase> <!-- @BeforeSuite setUp -->
  <testcase classname="com.niveus.Base" name="@BeforeSuite setUp" time="0.0">
    <ignored/>
  </testcase> <!-- @BeforeSuite setUp -->
  <testcase classname="com.niveus.Base" name="@AfterSuite flushReport" time="0.0">
    <ignored/>
  </testcase> <!-- @AfterSuite flushReport -->
  <testcase classname="com.niveus.Base" name="@AfterSuite flushReport" time="0.0">
    <ignored/>
  </testcase> <!-- @AfterSuite flushReport -->
  <testcase classname="com.niveus.Base" name="@AfterSuite flushReport" time="0.0">
    <ignored/>
  </testcase> <!-- @AfterSuite flushReport -->
  <testcase classname="com.niveus.Base" name="@AfterSuite flushReport" time="0.0">
    <ignored/>
  </testcase> <!-- @AfterSuite flushReport -->
  <testcase classname="com.niveus.Base" name="@AfterSuite flushReport" time="0.0">
    <ignored/>
  </testcase> <!-- @AfterSuite flushReport -->
  <testcase classname="com.niveus.Base" name="@AfterSuite flushReport" time="0.0">
    <ignored/>
  </testcase> <!-- @AfterSuite flushReport -->
  <testcase classname="com.niveus.Base" name="@AfterSuite flushReport" time="0.0">
    <ignored/>
  </testcase> <!-- @AfterSuite flushReport -->
  <testcase classname="com.niveus.Base" name="@AfterSuite flushReport" time="0.0">
    <ignored/>
  </testcase> <!-- @AfterSuite flushReport -->
  <testcase classname="com.niveus.Base" name="@AfterSuite flushReport" time="0.0">
    <ignored/>
  </testcase> <!-- @AfterSuite flushReport -->
  <testcase classname="com.niveus.Base" name="@AfterSuite flushReport" time="0.0">
    <ignored/>
  </testcase> <!-- @AfterSuite flushReport -->
  <testcase classname="com.niveus.Base" name="@AfterSuite flushReport" time="0.0">
    <ignored/>
  </testcase> <!-- @AfterSuite flushReport -->
  <testcase classname="com.niveus.Base" name="@AfterSuite flushReport" time="0.0">
    <ignored/>
  </testcase> <!-- @AfterSuite flushReport -->
  <testcase classname="com.niveus.Base" name="@AfterSuite flushReport" time="0.0">
    <ignored/>
  </testcase> <!-- @AfterSuite flushReport -->
  <testcase classname="com.niveus.Base" name="@AfterSuite flushReport" time="0.0">
    <ignored/>
  </testcase> <!-- @AfterSuite flushReport -->
</testsuite> <!-- Surefire test -->
