<?xml version="1.0" encoding="UTF-8"?>
<!-- Generated by org.testng.reporters.JUnitXMLReporter -->
<testsuite ignored="0" hostname="niveus-HP-EliteBook-820-G3" failures="0" tests="3" name="Default test" time="45.121" errors="0" timestamp="2021-01-18T19:28:20 IST">
  <testcase classname="com.niveus.ChatMemberTest" name="chatMemeberValidation" time="22.414"/>
  <testcase classname="com.niveus.ChatMemberTest" name="chatmemberTest" time="6.254"/>
  <testcase classname="com.niveus.ChatMemberTest" name="memberVerificationTest" time="13.753"/>
</testsuite> <!-- Default test -->
