<?xml version="1.0" encoding="UTF-8"?>
<testsuite xmlns:xsi="http://www.w3.org/2001/XMLSchema-instance" xsi:noNamespaceSchemaLocation="https://maven.apache.org/surefire/maven-surefire-plugin/xsd/surefire-test-report.xsd" name="TestSuite" time="453.618" tests="17" errors="0" skipped="0" failures="0">
  <properties>
[...]
</properties>
  <testcase name="assigningDoctorTest" classname="com.niveus.AssigningDoctorTest" time="14.249"/>
  <testcase name="patientSearchTest" classname="com.niveus.SearchValidationTest" time="5.991"/>
  <testcase name="inValidLoginTest" classname="com.niveus.InvalidLoginTest" time="1.307"/>
  <testcase name="uploadDocumentValidation" classname="com.niveus.UploadDocumentTest" time="17.837"/>
  <testcase name="participantValidationTest" classname="com.niveus.ParticipantTest" time="32.967"/>
  <testcase name="addspecialityValidationTest" classname="com.niveus.AddSpecialityTest" time="32.283"/>
  <testcase name="patientInfoValidationTest" classname="com.niveus.PatientInfoTest" time="12.821"/>
  <testcase name="statusValidation" classname="com.niveus.ResponderStatusTest" time="37.506"/>
  <testcase name="logoutTestValidation" classname="com.niveus.LogoutTest" time="2.86"/>
  <testcase name="updateProfileInformation" classname="com.niveus.ProfileUpadateTest" time="12.214"/>
  <testcase name="mediaFileValidation" classname="com.niveus.MediaFileTest" time="19.919"/>
  <testcase name="filterValidationTest" classname="com.niveus.FilterTest" time="12.836"/>
  <testcase name="loginPageTest" classname="com.niveus.LoginTest" time="3.953"/>
  <testcase name="chatMemeberValidation" classname="com.niveus.ChatMemberTest" time="14.005"/>
  <testcase name="addNewPatientTest" classname="com.niveus.AddNewPatientTest" time="16.093"/>
  <testcase name="uploadPhotoValidation" classname="com.niveus.UploadPhotosTest" time="9.976"/>
  <testcase name="closeCodeValidationTest" classname="com.niveus.CloseCodeTest" time="23.232"/>
</testsuite>