<?xml version="1.0" encoding="UTF-8"?>
<testng-results ignored="26" total="40" passed="13" failed="1" skipped="0">
  <reporter-output>
    <line>
      <![CDATA[ Page  is sucessfully displayed]]>
    </line>
    <line>
      <![CDATA[Assigining doctor Testcase is running...........]]>
    </line>
    <line>
      <![CDATA[Login page is sucessfully displayed..................Pass]]>
    </line>
    <line>
      <![CDATA[Login Alert Popup is displayed......]]>
    </line>
    <line>
      <![CDATA[No Alert Popup...............]]>
    </line>
    <line>
      <![CDATA[sucessfully loged in and Home page is displayed..............Pass]]>
    </line>
    <line>
      <![CDATA[Login TestCase is sucessfully done ############################# TEST IS PASS]]>
    </line>
    <line>
      <![CDATA[sucessfully specialty is seleced]]>
    </line>
    <line>
      <![CDATA[Doctor is sucessfully added to the chat session]]>
    </line>
    <line>
      <![CDATA[AssigningDoctorTest TestCase is sucessfully done ############################# TEST IS PASS]]>
    </line>
    <line>
      <![CDATA[ Page  is sucessfully displayed]]>
    </line>
    <line>
      <![CDATA[UploadDocument Testcase is runnng..........]]>
    </line>
    <line>
      <![CDATA[Login page is sucessfully displayed]]>
    </line>
    <line>
      <![CDATA[Login Alert Popup is displayed......]]>
    </line>
    <line>
      <![CDATA[Submitter Provider role is selected]]>
    </line>
    <line>
      <![CDATA[sucessfully loged in and Home page is displayed]]>
    </line>
    <line>
      <![CDATA[chat session is sucessfully displayed ..>>>>>>>>>>>]]>
    </line>
    <line>
      <![CDATA[file has been successfully uploaded. sucessfully updated]]>
    </line>
    <line>
      <![CDATA[UploadDocument Test is sucessfully done ############################# TEST IS PASS]]>
    </line>
    <line>
      <![CDATA[ Page  is sucessfully displayed]]>
    </line>
    <line>
      <![CDATA[Participant Testcase is runnng..........]]>
    </line>
    <line>
      <![CDATA[Login page is sucessfully displayed]]>
    </line>
    <line>
      <![CDATA[Login Alert Popup is displayed......]]>
    </line>
    <line>
      <![CDATA[Submitter Provider role is selected]]>
    </line>
    <line>
      <![CDATA[sucessfully loged in and Home page is displayed]]>
    </line>
    <line>
      <![CDATA[error is displaying]]>
    </line>
    <line>
      <![CDATA[ Page  is sucessfully displayed]]>
    </line>
    <line>
      <![CDATA[AddSpecialty testcase is running...........]]>
    </line>
    <line>
      <![CDATA[Login page is sucessfully displayed]]>
    </line>
    <line>
      <![CDATA[Login Alert Popup is displayed......]]>
    </line>
    <line>
      <![CDATA[Submitter Provider role is selected]]>
    </line>
    <line>
      <![CDATA[sucessfully loged in and Home page is displayed]]>
    </line>
    <line>
      <![CDATA[chat session is sucessfully displayed in Add specialty..>>>>>>>>>>>]]>
    </line>
    <line>
      <![CDATA[Speciality list is displaying sucessfully]]>
    </line>
    <line>
      <![CDATA[Doctor is sucessfully added to the chat session]]>
    </line>
    <line>
      <![CDATA[AddSpeciality TestCase is sucessfully done ############################# TEST IS PASS]]>
    </line>
    <line>
      <![CDATA[ Page  is sucessfully displayed]]>
    </line>
    <line>
      <![CDATA[PatientInfo Testcase is runnng..........]]>
    </line>
    <line>
      <![CDATA[Login Alert Popup is displayed......]]>
    </line>
    <line>
      <![CDATA[Submitter Provider role is selected]]>
    </line>
    <line>
      <![CDATA[sucessfully loged in and Home page is displayed]]>
    </line>
    <line>
      <![CDATA[Addd new paient step ....1]]>
    </line>
    <line>
      <![CDATA[specialty and chief complaint is sucessfullly displayed##################]]>
    </line>
    <line>
      <![CDATA[Sucessfully icd code is selected########################]]>
    </line>
    <line>
      <![CDATA[Patient  is sucessfully added to the chat session]]>
    </line>
    <line>
      <![CDATA[Patient Details
Close
Name:
Prasanna Helo
Chief Complaint:
Have A Knee Pain In Leg
Dob:
11-11-1998
Sex:
Male
Age:
22 Years Old
Mobile Number:
917022912986
Email:
Prasanna@Gmail.Com
ICD:
I11.0 Hypertensive Heart Disease With Heart Failure
CPT:
A002 sucess]]>
    </line>
    <line>
      <![CDATA[patient name is displayed  sucesssfully]]>
    </line>
    <line>
      <![CDATA[patient date of birth  is displayed  sucesssfully]]>
    </line>
    <line>
      <![CDATA[patient year  is displayed  sucesssfully]]>
    </line>
    <line>
      <![CDATA[PatientInfoTest TestCase is sucessfully done ################################################## TEST IS PASS]]>
    </line>
    <line>
      <![CDATA[ Page  is sucessfully displayed]]>
    </line>
    <line>
      <![CDATA[Responder Status Testcase is runnng..........]]>
    </line>
    <line>
      <![CDATA[Login page is sucessfully displayed]]>
    </line>
    <line>
      <![CDATA[Login Alert Popup is displayed......]]>
    </line>
    <line>
      <![CDATA[Responder Provider role is selected]]>
    </line>
    <line>
      <![CDATA[sucessfully loged in and Home page is displayed]]>
    </line>
    <line>
      <![CDATA[User status is changed to Away]]>
    </line>
    <line>
      <![CDATA[status is sucessfully changed ]]>
    </line>
    <line>
      <![CDATA[ResponderStatus TestCase is sucessfully done ############################# TEST IS PASS]]>
    </line>
    <line>
      <![CDATA[ Page  is sucessfully displayed]]>
    </line>
    <line>
      <![CDATA[ProfileUpdate Testcase is runnng..........]]>
    </line>
    <line>
      <![CDATA[Login page is sucessfully displayed]]>
    </line>
    <line>
      <![CDATA[Login Alert Popup is displayed......]]>
    </line>
    <line>
      <![CDATA[sucessfully loged in and Home page is displayed]]>
    </line>
    <line>
      <![CDATA[Profile ingormation is sucessfully updated]]>
    </line>
    <line>
      <![CDATA[ProfileUpdateTest TestCase is sucessfully done ############################# TEST IS PASS]]>
    </line>
    <line>
      <![CDATA[ Page  is sucessfully displayed]]>
    </line>
    <line>
      <![CDATA[MediaFile Testcase is runnng..........]]>
    </line>
    <line>
      <![CDATA[Login page is sucessfully displayed]]>
    </line>
    <line>
      <![CDATA[Login Alert Popup is displayed......]]>
    </line>
    <line>
      <![CDATA[Submitter Provider role is selected]]>
    </line>
    <line>
      <![CDATA[sucessfully loged in and Home page is displayed]]>
    </line>
    <line>
      <![CDATA[chat session is sucessfully displayed in Add specialty..>>>>>>>>>>>]]>
    </line>
    <line>
      <![CDATA[file has been  sucessfully updated]]>
    </line>
    <line>
      <![CDATA[UploadPhotosTest is sucessfully done ############################# TEST IS PASS]]>
    </line>
    <line>
      <![CDATA[Media File Test   step ....4]]>
    </line>
    <line>
      <![CDATA[media file is sucessfully displayed]]>
    </line>
    <line>
      <![CDATA[MediaFileTest TestCase is sucessfully done ################################################## TEST IS PASS]]>
    </line>
    <line>
      <![CDATA[ Page  is sucessfully displayed]]>
    </line>
    <line>
      <![CDATA[FilterTest Testcase is runnng..........]]>
    </line>
    <line>
      <![CDATA[Login page is sucessfully displayed]]>
    </line>
    <line>
      <![CDATA[Login Alert Popup is displayed......]]>
    </line>
    <line>
      <![CDATA[sucessfully logedin and Home page is displayed]]>
    </line>
    <line>
      <![CDATA[chat session is sucessfully displayed in Add specialty..>>>>>>>>>>>]]>
    </line>
    <line>
      <![CDATA[Testing, Alvin +2
Sent an image
30 minutes ago
RE: prasanna Helo]]>
    </line>
    <line>
      <![CDATA[second time stamp is taken.........############]]>
    </line>
    <line>
      <![CDATA[30 minutes ago]]>
    </line>
    <line>
      <![CDATA[chat session is sucessfully displayed in Add specialty..>>>>>>>>>>>]]>
    </line>
    <line>
      <![CDATA[a few seconds ago]]>
    </line>
    <line>
      <![CDATA[filter is sucessfully applied]]>
    </line>
    <line>
      <![CDATA[Filter Test is sucessfully done ############################# TEST IS PASS]]>
    </line>
    <line>
      <![CDATA[ Page  is sucessfully displayed]]>
    </line>
    <line>
      <![CDATA[Login Testcase is runnng..........>>>>>>>>>>>>>>>>]]>
    </line>
    <line>
      <![CDATA[Login page is sucessfully displayed..................Pass]]>
    </line>
    <line>
      <![CDATA[Login Alert Popup is displayed......]]>
    </line>
    <line>
      <![CDATA[No Alert Popup...............]]>
    </line>
    <line>
      <![CDATA[sucessfully loged in and Home page is displayed..............Pass]]>
    </line>
    <line>
      <![CDATA[Login TestCase is sucessfully done ############################# TEST IS PASS]]>
    </line>
    <line>
      <![CDATA[ Page  is sucessfully displayed]]>
    </line>
    <line>
      <![CDATA[Chatmember Testcase is running............]]>
    </line>
    <line>
      <![CDATA[Login Alert Popup is displayed......]]>
    </line>
    <line>
      <![CDATA[Submitter Provider role is selected]]>
    </line>
    <line>
      <![CDATA[sucessfully loged in and Home page is displayed]]>
    </line>
    <line>
      <![CDATA[Addd new paient step ....1]]>
    </line>
    <line>
      <![CDATA[Specialty and chief complaint is sucessfully displayed]]>
    </line>
    <line>
      <![CDATA[Icd code is sucessfully selected##########################]]>
    </line>
    <line>
      <![CDATA[Patient  is sucessfully added to the chat session]]>
    </line>
    <line>
      <![CDATA[Chat Member   Test   step ....5]]>
    </line>
    <line>
      <![CDATA[Responder 1 name  is displayed sucessfully]]>
    </line>
    <line>
      <![CDATA[patient name is displayed  sucesssfully]]>
    </line>
    <line>
      <![CDATA[ChatMember TestCase is sucessfully done  ############################# TEST IS PASS]]>
    </line>
    <line>
      <![CDATA[ Page  is sucessfully displayed]]>
    </line>
    <line>
      <![CDATA[Addnewpatient testcase is running.............############]]>
    </line>
    <line>
      <![CDATA[Enter the url sucessfully###################]]>
    </line>
    <line>
      <![CDATA[Login Alert Popup is displayed......]]>
    </line>
    <line>
      <![CDATA[Submitter Provider role is selected]]>
    </line>
    <line>
      <![CDATA[sucessfully loged in and Home page is displayed]]>
    </line>
    <line>
      <![CDATA[Addd new paient step ....1]]>
    </line>
    <line>
      <![CDATA[Specialty and chief complaint is displayed########################]]>
    </line>
    <line>
      <![CDATA[Icd Code is sucessfully selected..###############################]]>
    </line>
    <line>
      <![CDATA[Patient  is sucessfully added to the chat session]]>
    </line>
    <line>
      <![CDATA[AddNewPatientTest TestCase is sucessfully done ############################# TEST IS PASS]]>
    </line>
    <line>
      <![CDATA[ Page  is sucessfully displayed]]>
    </line>
    <line>
      <![CDATA[UploadPhoto Testcase is runnng..........]]>
    </line>
    <line>
      <![CDATA[Login page is sucessfully displayed]]>
    </line>
    <line>
      <![CDATA[Login Alert Popup is displayed......]]>
    </line>
    <line>
      <![CDATA[Submitter Provider role is selected]]>
    </line>
    <line>
      <![CDATA[sucessfully loged in and Home page is displayed]]>
    </line>
    <line>
      <![CDATA[chat session is sucessfully displayed ..>>>>>>>>>>>]]>
    </line>
    <line>
      <![CDATA[ file  has been sucessfully updated]]>
    </line>
    <line>
      <![CDATA[UploadPhotosTest is sucessfully done ############################# TEST IS PASS]]>
    </line>
    <line>
      <![CDATA[ Page  is sucessfully displayed]]>
    </line>
    <line>
      <![CDATA[Closecode Testcase is runnng..........]]>
    </line>
    <line>
      <![CDATA[Login page is sucessfully displayed]]>
    </line>
    <line>
      <![CDATA[Login Alert Popup is displayed......]]>
    </line>
    <line>
      <![CDATA[Submitter Provider role is selected]]>
    </line>
    <line>
      <![CDATA[sucessfully loged in and Home page is displayed]]>
    </line>
    <line>
      <![CDATA[chat session is sucessfully displayed in Add specialty..>>>>>>>>>>>]]>
    </line>
    <line>
      <![CDATA[Dr. Test2 Prasanna has marked this consultation as Complete sucess]]>
    </line>
    <line>
      <![CDATA[close code apply sucessfully..######################]]>
    </line>
    <line>
      <![CDATA[CloseCode TestCase is sucessfully done ############################# TEST IS PASS]]>
    </line>
  </reporter-output>
  <suite started-at="2021-01-14T18:10:53 IST" name="Surefire suite" finished-at="2021-01-14T18:20:11 IST" duration-ms="558280">
    <groups>
    </groups>
    <test started-at="2021-01-14T18:10:53 IST" name="Surefire test" finished-at="2021-01-14T18:20:11 IST" duration-ms="558280">
      <class name="com.niveus.UploadPhotosTest">
        <test-method is-config="true" signature="configBc()[pri:0, instance:com.niveus.UploadPhotosTest@704921a5]" started-at="2021-01-14T18:18:47 IST" name="configBc" finished-at="2021-01-14T18:19:06 IST" duration-ms="19131" status="PASS">
          <reporter-output>
            <line>
              <![CDATA[ Page  is sucessfully displayed]]>
            </line>
          </reporter-output>
        </test-method> <!-- configBc -->
        <test-method signature="uploadPhotoValidation()[pri:0, instance:com.niveus.UploadPhotosTest@704921a5]" started-at="2021-01-14T18:19:06 IST" name="uploadPhotoValidation" finished-at="2021-01-14T18:19:27 IST" duration-ms="20654" status="PASS">
          <reporter-output>
            <line>
              <![CDATA[UploadPhoto Testcase is runnng..........]]>
            </line>
            <line>
              <![CDATA[Login page is sucessfully displayed]]>
            </line>
            <line>
              <![CDATA[Login Alert Popup is displayed......]]>
            </line>
            <line>
              <![CDATA[Submitter Provider role is selected]]>
            </line>
            <line>
              <![CDATA[sucessfully loged in and Home page is displayed]]>
            </line>
            <line>
              <![CDATA[chat session is sucessfully displayed ..>>>>>>>>>>>]]>
            </line>
            <line>
              <![CDATA[ file  has been sucessfully updated]]>
            </line>
            <line>
              <![CDATA[UploadPhotosTest is sucessfully done ############################# TEST IS PASS]]>
            </line>
          </reporter-output>
        </test-method> <!-- uploadPhotoValidation -->
        <test-method is-config="true" signature="getResult(org.testng.ITestResult)[pri:0, instance:com.niveus.UploadPhotosTest@704921a5]" started-at="2021-01-14T18:19:27 IST" name="getResult" finished-at="2021-01-14T18:19:27 IST" duration-ms="6" status="PASS">
          <params>
            <param index="0">
              <value>
                <![CDATA[[TestResult name=uploadPhotoValidation status=SUCCESS method=UploadPhotosTest.uploadPhotoValidation()[pri:0, instance:com.niveus.UploadPhotosTest@704921a5] output=UploadPhoto Testcase is runnng..........]]]>
              </value>
            </param>
          </params>
          <reporter-output>
          </reporter-output>
        </test-method> <!-- getResult -->
      </class> <!-- com.niveus.UploadPhotosTest -->
      <class name="com.niveus.LoginTest">
        <test-method is-config="true" signature="configBc()[pri:0, instance:com.niveus.LoginTest@4c762604]" started-at="2021-01-14T18:16:35 IST" name="configBc" finished-at="2021-01-14T18:16:48 IST" duration-ms="13402" status="PASS">
          <reporter-output>
            <line>
              <![CDATA[ Page  is sucessfully displayed]]>
            </line>
          </reporter-output>
        </test-method> <!-- configBc -->
        <test-method signature="loginPageTest()[pri:0, instance:com.niveus.LoginTest@4c762604]" started-at="2021-01-14T18:16:48 IST" name="loginPageTest" finished-at="2021-01-14T18:16:54 IST" duration-ms="5964" status="PASS">
          <reporter-output>
            <line>
              <![CDATA[Login Testcase is runnng..........>>>>>>>>>>>>>>>>]]>
            </line>
            <line>
              <![CDATA[Login page is sucessfully displayed..................Pass]]>
            </line>
            <line>
              <![CDATA[Login Alert Popup is displayed......]]>
            </line>
            <line>
              <![CDATA[No Alert Popup...............]]>
            </line>
            <line>
              <![CDATA[sucessfully loged in and Home page is displayed..............Pass]]>
            </line>
            <line>
              <![CDATA[Login TestCase is sucessfully done ############################# TEST IS PASS]]>
            </line>
          </reporter-output>
        </test-method> <!-- loginPageTest -->
        <test-method is-config="true" signature="getResult(org.testng.ITestResult)[pri:0, instance:com.niveus.LoginTest@4c762604]" started-at="2021-01-14T18:16:54 IST" name="getResult" finished-at="2021-01-14T18:16:54 IST" duration-ms="0" status="PASS">
          <params>
            <param index="0">
              <value>
                <![CDATA[[TestResult name=loginPageTest status=SUCCESS method=LoginTest.loginPageTest()[pri:0, instance:com.niveus.LoginTest@4c762604] output=Login Testcase is runnng..........>>>>>>>>>>>>>>>>]]]>
              </value>
            </param>
          </params>
          <reporter-output>
          </reporter-output>
        </test-method> <!-- getResult -->
      </class> <!-- com.niveus.LoginTest -->
      <class name="com.niveus.ResponderStatusTest">
        <test-method is-config="true" signature="configBc()[pri:0, instance:com.niveus.ResponderStatusTest@545997b1]" started-at="2021-01-14T18:14:30 IST" name="configBc" finished-at="2021-01-14T18:14:38 IST" duration-ms="7803" status="PASS">
          <reporter-output>
            <line>
              <![CDATA[ Page  is sucessfully displayed]]>
            </line>
          </reporter-output>
        </test-method> <!-- configBc -->
        <test-method signature="statusValidation()[pri:0, instance:com.niveus.ResponderStatusTest@545997b1]" started-at="2021-01-14T18:14:38 IST" name="statusValidation" finished-at="2021-01-14T18:14:55 IST" duration-ms="17470" status="PASS">
          <reporter-output>
            <line>
              <![CDATA[Responder Status Testcase is runnng..........]]>
            </line>
            <line>
              <![CDATA[Login page is sucessfully displayed]]>
            </line>
            <line>
              <![CDATA[Login Alert Popup is displayed......]]>
            </line>
            <line>
              <![CDATA[Responder Provider role is selected]]>
            </line>
            <line>
              <![CDATA[sucessfully loged in and Home page is displayed]]>
            </line>
            <line>
              <![CDATA[User status is changed to Away]]>
            </line>
            <line>
              <![CDATA[status is sucessfully changed ]]>
            </line>
            <line>
              <![CDATA[ResponderStatus TestCase is sucessfully done ############################# TEST IS PASS]]>
            </line>
          </reporter-output>
        </test-method> <!-- statusValidation -->
        <test-method is-config="true" signature="getResult(org.testng.ITestResult)[pri:0, instance:com.niveus.ResponderStatusTest@545997b1]" started-at="2021-01-14T18:14:55 IST" name="getResult" finished-at="2021-01-14T18:14:55 IST" duration-ms="1" status="PASS">
          <params>
            <param index="0">
              <value>
                <![CDATA[[TestResult name=statusValidation status=SUCCESS method=ResponderStatusTest.statusValidation()[pri:0, instance:com.niveus.ResponderStatusTest@545997b1] output=Responder Status Testcase is runnng..........]]]>
              </value>
            </param>
          </params>
          <reporter-output>
          </reporter-output>
        </test-method> <!-- getResult -->
      </class> <!-- com.niveus.ResponderStatusTest -->
      <class name="com.niveus.MediaFileTest">
        <test-method is-config="true" signature="configBc()[pri:0, instance:com.niveus.MediaFileTest@77846d2c]" started-at="2021-01-14T18:15:17 IST" name="configBc" finished-at="2021-01-14T18:15:31 IST" duration-ms="13941" status="PASS">
          <reporter-output>
            <line>
              <![CDATA[ Page  is sucessfully displayed]]>
            </line>
          </reporter-output>
        </test-method> <!-- configBc -->
        <test-method signature="mediaFileValidation()[pri:0, instance:com.niveus.MediaFileTest@77846d2c]" started-at="2021-01-14T18:15:31 IST" name="mediaFileValidation" finished-at="2021-01-14T18:15:58 IST" duration-ms="26651" status="PASS">
          <reporter-output>
            <line>
              <![CDATA[MediaFile Testcase is runnng..........]]>
            </line>
            <line>
              <![CDATA[Login page is sucessfully displayed]]>
            </line>
            <line>
              <![CDATA[Login Alert Popup is displayed......]]>
            </line>
            <line>
              <![CDATA[Submitter Provider role is selected]]>
            </line>
            <line>
              <![CDATA[sucessfully loged in and Home page is displayed]]>
            </line>
            <line>
              <![CDATA[chat session is sucessfully displayed in Add specialty..>>>>>>>>>>>]]>
            </line>
            <line>
              <![CDATA[file has been  sucessfully updated]]>
            </line>
            <line>
              <![CDATA[UploadPhotosTest is sucessfully done ############################# TEST IS PASS]]>
            </line>
            <line>
              <![CDATA[Media File Test   step ....4]]>
            </line>
            <line>
              <![CDATA[media file is sucessfully displayed]]>
            </line>
            <line>
              <![CDATA[MediaFileTest TestCase is sucessfully done ################################################## TEST IS PASS]]>
            </line>
          </reporter-output>
        </test-method> <!-- mediaFileValidation -->
        <test-method is-config="true" signature="getResult(org.testng.ITestResult)[pri:0, instance:com.niveus.MediaFileTest@77846d2c]" started-at="2021-01-14T18:15:58 IST" name="getResult" finished-at="2021-01-14T18:15:58 IST" duration-ms="0" status="PASS">
          <params>
            <param index="0">
              <value>
                <![CDATA[[TestResult name=mediaFileValidation status=SUCCESS method=MediaFileTest.mediaFileValidation()[pri:0, instance:com.niveus.MediaFileTest@77846d2c] output=MediaFile Testcase is runnng..........]]]>
              </value>
            </param>
          </params>
          <reporter-output>
          </reporter-output>
        </test-method> <!-- getResult -->
      </class> <!-- com.niveus.MediaFileTest -->
      <class name="com.niveus.AddNewPatientTest">
        <test-method is-config="true" signature="configBc()[pri:0, instance:com.niveus.AddNewPatientTest@727803de]" started-at="2021-01-14T18:17:50 IST" name="configBc" finished-at="2021-01-14T18:18:06 IST" duration-ms="15910" status="PASS">
          <reporter-output>
            <line>
              <![CDATA[ Page  is sucessfully displayed]]>
            </line>
          </reporter-output>
        </test-method> <!-- configBc -->
        <test-method signature="addNewPatientTest()[pri:0, instance:com.niveus.AddNewPatientTest@727803de]" started-at="2021-01-14T18:18:06 IST" name="addNewPatientTest" finished-at="2021-01-14T18:18:47 IST" duration-ms="40904" status="PASS">
          <reporter-output>
            <line>
              <![CDATA[Addnewpatient testcase is running.............############]]>
            </line>
            <line>
              <![CDATA[Enter the url sucessfully###################]]>
            </line>
            <line>
              <![CDATA[Login Alert Popup is displayed......]]>
            </line>
            <line>
              <![CDATA[Submitter Provider role is selected]]>
            </line>
            <line>
              <![CDATA[sucessfully loged in and Home page is displayed]]>
            </line>
            <line>
              <![CDATA[Addd new paient step ....1]]>
            </line>
            <line>
              <![CDATA[Specialty and chief complaint is displayed########################]]>
            </line>
            <line>
              <![CDATA[Icd Code is sucessfully selected..###############################]]>
            </line>
            <line>
              <![CDATA[Patient  is sucessfully added to the chat session]]>
            </line>
            <line>
              <![CDATA[AddNewPatientTest TestCase is sucessfully done ############################# TEST IS PASS]]>
            </line>
          </reporter-output>
        </test-method> <!-- addNewPatientTest -->
        <test-method is-config="true" signature="getResult(org.testng.ITestResult)[pri:0, instance:com.niveus.AddNewPatientTest@727803de]" started-at="2021-01-14T18:18:47 IST" name="getResult" finished-at="2021-01-14T18:18:47 IST" duration-ms="16" status="PASS">
          <params>
            <param index="0">
              <value>
                <![CDATA[[TestResult name=addNewPatientTest status=SUCCESS method=AddNewPatientTest.addNewPatientTest()[pri:0, instance:com.niveus.AddNewPatientTest@727803de] output=Addnewpatient testcase is running.............############]]]>
              </value>
            </param>
          </params>
          <reporter-output>
          </reporter-output>
        </test-method> <!-- getResult -->
      </class> <!-- com.niveus.AddNewPatientTest -->
      <class name="com.niveus.AssigningDoctorTest">
        <test-method is-config="true" signature="setUp()[pri:0, instance:com.niveus.AssigningDoctorTest@710726a3]" started-at="2021-01-14T18:10:52 IST" name="setUp" finished-at="2021-01-14T18:10:53 IST" duration-ms="419" status="PASS">
          <reporter-output>
          </reporter-output>
        </test-method> <!-- setUp -->
        <test-method is-config="true" signature="configBc()[pri:0, instance:com.niveus.AssigningDoctorTest@710726a3]" started-at="2021-01-14T18:10:53 IST" name="configBc" finished-at="2021-01-14T18:11:02 IST" duration-ms="9016" status="PASS">
          <reporter-output>
            <line>
              <![CDATA[ Page  is sucessfully displayed]]>
            </line>
          </reporter-output>
        </test-method> <!-- configBc -->
        <test-method signature="assigningDoctorTest()[pri:0, instance:com.niveus.AssigningDoctorTest@710726a3]" started-at="2021-01-14T18:11:02 IST" name="assigningDoctorTest" finished-at="2021-01-14T18:11:29 IST" duration-ms="27479" status="PASS">
          <reporter-output>
            <line>
              <![CDATA[Assigining doctor Testcase is running...........]]>
            </line>
            <line>
              <![CDATA[Login page is sucessfully displayed..................Pass]]>
            </line>
            <line>
              <![CDATA[Login Alert Popup is displayed......]]>
            </line>
            <line>
              <![CDATA[No Alert Popup...............]]>
            </line>
            <line>
              <![CDATA[sucessfully loged in and Home page is displayed..............Pass]]>
            </line>
            <line>
              <![CDATA[Login TestCase is sucessfully done ############################# TEST IS PASS]]>
            </line>
            <line>
              <![CDATA[sucessfully specialty is seleced]]>
            </line>
            <line>
              <![CDATA[Doctor is sucessfully added to the chat session]]>
            </line>
            <line>
              <![CDATA[AssigningDoctorTest TestCase is sucessfully done ############################# TEST IS PASS]]>
            </line>
          </reporter-output>
        </test-method> <!-- assigningDoctorTest -->
        <test-method is-config="true" signature="getResult(org.testng.ITestResult)[pri:0, instance:com.niveus.AssigningDoctorTest@710726a3]" started-at="2021-01-14T18:11:29 IST" name="getResult" finished-at="2021-01-14T18:11:29 IST" duration-ms="16" status="PASS">
          <params>
            <param index="0">
              <value>
                <![CDATA[[TestResult name=assigningDoctorTest status=SUCCESS method=AssigningDoctorTest.assigningDoctorTest()[pri:0, instance:com.niveus.AssigningDoctorTest@710726a3] output=Assigining doctor Testcase is running...........]]]>
              </value>
            </param>
          </params>
          <reporter-output>
          </reporter-output>
        </test-method> <!-- getResult -->
        <test-method is-config="true" signature="flushReport()[pri:0, instance:com.niveus.AssigningDoctorTest@710726a3]" started-at="2021-01-14T18:20:11 IST" name="flushReport" finished-at="2021-01-14T18:21:36 IST" duration-ms="85499" status="PASS">
          <reporter-output>
          </reporter-output>
        </test-method> <!-- flushReport -->
      </class> <!-- com.niveus.AssigningDoctorTest -->
      <class name="com.niveus.UploadDocumentTest">
        <test-method is-config="true" signature="configBc()[pri:0, instance:com.niveus.UploadDocumentTest@646007f4]" started-at="2021-01-14T18:11:29 IST" name="configBc" finished-at="2021-01-14T18:11:41 IST" duration-ms="11740" status="PASS">
          <reporter-output>
            <line>
              <![CDATA[ Page  is sucessfully displayed]]>
            </line>
          </reporter-output>
        </test-method> <!-- configBc -->
        <test-method signature="uploadDocumentValidation()[pri:0, instance:com.niveus.UploadDocumentTest@646007f4]" started-at="2021-01-14T18:11:41 IST" name="uploadDocumentValidation" finished-at="2021-01-14T18:12:16 IST" duration-ms="35326" status="PASS">
          <reporter-output>
            <line>
              <![CDATA[UploadDocument Testcase is runnng..........]]>
            </line>
            <line>
              <![CDATA[Login page is sucessfully displayed]]>
            </line>
            <line>
              <![CDATA[Login Alert Popup is displayed......]]>
            </line>
            <line>
              <![CDATA[Submitter Provider role is selected]]>
            </line>
            <line>
              <![CDATA[sucessfully loged in and Home page is displayed]]>
            </line>
            <line>
              <![CDATA[chat session is sucessfully displayed ..>>>>>>>>>>>]]>
            </line>
            <line>
              <![CDATA[file has been successfully uploaded. sucessfully updated]]>
            </line>
            <line>
              <![CDATA[UploadDocument Test is sucessfully done ############################# TEST IS PASS]]>
            </line>
          </reporter-output>
        </test-method> <!-- uploadDocumentValidation -->
        <test-method is-config="true" signature="getResult(org.testng.ITestResult)[pri:0, instance:com.niveus.UploadDocumentTest@646007f4]" started-at="2021-01-14T18:12:16 IST" name="getResult" finished-at="2021-01-14T18:12:16 IST" duration-ms="1" status="PASS">
          <params>
            <param index="0">
              <value>
                <![CDATA[[TestResult name=uploadDocumentValidation status=SUCCESS method=UploadDocumentTest.uploadDocumentValidation()[pri:0, instance:com.niveus.UploadDocumentTest@646007f4] output=UploadDocument Testcase is runnng..........]]]>
              </value>
            </param>
          </params>
          <reporter-output>
          </reporter-output>
        </test-method> <!-- getResult -->
      </class> <!-- com.niveus.UploadDocumentTest -->
      <class name="com.niveus.CloseCodeTest">
        <test-method is-config="true" signature="configBc()[pri:0, instance:com.niveus.CloseCodeTest@df27fae]" started-at="2021-01-14T18:19:27 IST" name="configBc" finished-at="2021-01-14T18:19:42 IST" duration-ms="15406" status="PASS">
          <reporter-output>
            <line>
              <![CDATA[ Page  is sucessfully displayed]]>
            </line>
          </reporter-output>
        </test-method> <!-- configBc -->
        <test-method signature="closeCodeValidationTest()[pri:0, instance:com.niveus.CloseCodeTest@df27fae]" started-at="2021-01-14T18:19:42 IST" name="closeCodeValidationTest" finished-at="2021-01-14T18:20:11 IST" duration-ms="28334" status="PASS">
          <reporter-output>
            <line>
              <![CDATA[Closecode Testcase is runnng..........]]>
            </line>
            <line>
              <![CDATA[Login page is sucessfully displayed]]>
            </line>
            <line>
              <![CDATA[Login Alert Popup is displayed......]]>
            </line>
            <line>
              <![CDATA[Submitter Provider role is selected]]>
            </line>
            <line>
              <![CDATA[sucessfully loged in and Home page is displayed]]>
            </line>
            <line>
              <![CDATA[chat session is sucessfully displayed in Add specialty..>>>>>>>>>>>]]>
            </line>
            <line>
              <![CDATA[Dr. Test2 Prasanna has marked this consultation as Complete sucess]]>
            </line>
            <line>
              <![CDATA[close code apply sucessfully..######################]]>
            </line>
            <line>
              <![CDATA[CloseCode TestCase is sucessfully done ############################# TEST IS PASS]]>
            </line>
          </reporter-output>
        </test-method> <!-- closeCodeValidationTest -->
        <test-method is-config="true" signature="getResult(org.testng.ITestResult)[pri:0, instance:com.niveus.CloseCodeTest@df27fae]" started-at="2021-01-14T18:20:11 IST" name="getResult" finished-at="2021-01-14T18:20:11 IST" duration-ms="2" status="PASS">
          <params>
            <param index="0">
              <value>
                <![CDATA[[TestResult name=closeCodeValidationTest status=SUCCESS method=CloseCodeTest.closeCodeValidationTest()[pri:0, instance:com.niveus.CloseCodeTest@df27fae] output=Closecode Testcase is runnng..........]]]>
              </value>
            </param>
          </params>
          <reporter-output>
          </reporter-output>
        </test-method> <!-- getResult -->
      </class> <!-- com.niveus.CloseCodeTest -->
      <class name="com.niveus.ParticipantTest">
        <test-method is-config="true" signature="configBc()[pri:0, instance:com.niveus.ParticipantTest@481a15ff]" started-at="2021-01-14T18:12:16 IST" name="configBc" finished-at="2021-01-14T18:12:29 IST" duration-ms="13155" status="PASS">
          <reporter-output>
            <line>
              <![CDATA[ Page  is sucessfully displayed]]>
            </line>
          </reporter-output>
        </test-method> <!-- configBc -->
        <test-method signature="participantValidationTest()[pri:0, instance:com.niveus.ParticipantTest@481a15ff]" started-at="2021-01-14T18:12:29 IST" name="participantValidationTest" finished-at="2021-01-14T18:12:58 IST" duration-ms="28893" status="FAIL">
          <exception class="java.lang.NullPointerException">
            <full-stacktrace>
              <![CDATA[java.lang.NullPointerException
at com.niveus.ParticipantTest.participantValidationTest(ParticipantTest.java:228)
at java.base/jdk.internal.reflect.NativeMethodAccessorImpl.invoke0(Native Method)
at java.base/jdk.internal.reflect.NativeMethodAccessorImpl.invoke(NativeMethodAccessorImpl.java:62)
at java.base/jdk.internal.reflect.DelegatingMethodAccessorImpl.invoke(DelegatingMethodAccessorImpl.java:43)
at java.base/java.lang.reflect.Method.invoke(Method.java:566)
at org.testng.internal.MethodInvocationHelper.invokeMethod(MethodInvocationHelper.java:133)
at org.testng.internal.TestInvoker.invokeMethod(TestInvoker.java:584)
at org.testng.internal.TestInvoker.invokeTestMethod(TestInvoker.java:172)
at org.testng.internal.MethodRunner.runInSequence(MethodRunner.java:46)
at org.testng.internal.TestInvoker$MethodInvocationAgent.invoke(TestInvoker.java:804)
at org.testng.internal.TestInvoker.invokeTestMethods(TestInvoker.java:145)
at org.testng.internal.TestMethodWorker.invokeTestMethods(TestMethodWorker.java:146)
at org.testng.internal.TestMethodWorker.run(TestMethodWorker.java:128)
at java.base/java.util.ArrayList.forEach(ArrayList.java:1541)
at org.testng.TestRunner.privateRun(TestRunner.java:770)
at org.testng.TestRunner.run(TestRunner.java:591)
at org.testng.SuiteRunner.runTest(SuiteRunner.java:402)
at org.testng.SuiteRunner.runSequentially(SuiteRunner.java:396)
at org.testng.SuiteRunner.privateRun(SuiteRunner.java:355)
at org.testng.SuiteRunner.run(SuiteRunner.java:304)
at org.testng.SuiteRunnerWorker.runSuite(SuiteRunnerWorker.java:53)
at org.testng.SuiteRunnerWorker.run(SuiteRunnerWorker.java:96)
at org.testng.TestNG.runSuitesSequentially(TestNG.java:1180)
at org.testng.TestNG.runSuitesLocally(TestNG.java:1102)
at org.testng.TestNG.runSuites(TestNG.java:1032)
at org.testng.TestNG.run(TestNG.java:1000)
at org.apache.maven.surefire.testng.TestNGExecutor.run(TestNGExecutor.java:135)
at org.apache.maven.surefire.testng.TestNGDirectoryTestSuite.executeMulti(TestNGDirectoryTestSuite.java:193)
at org.apache.maven.surefire.testng.TestNGDirectoryTestSuite.execute(TestNGDirectoryTestSuite.java:94)
at org.apache.maven.surefire.testng.TestNGProvider.invoke(TestNGProvider.java:146)
at org.apache.maven.surefire.booter.ForkedBooter.invokeProviderInSameClassLoader(ForkedBooter.java:384)
at org.apache.maven.surefire.booter.ForkedBooter.runSuitesInProcess(ForkedBooter.java:345)
at org.apache.maven.surefire.booter.ForkedBooter.execute(ForkedBooter.java:126)
at org.apache.maven.surefire.booter.ForkedBooter.main(ForkedBooter.java:418)
]]>
            </full-stacktrace>
          </exception> <!-- java.lang.NullPointerException -->
          <reporter-output>
            <line>
              <![CDATA[Participant Testcase is runnng..........]]>
            </line>
            <line>
              <![CDATA[Login page is sucessfully displayed]]>
            </line>
            <line>
              <![CDATA[Login Alert Popup is displayed......]]>
            </line>
            <line>
              <![CDATA[Submitter Provider role is selected]]>
            </line>
            <line>
              <![CDATA[sucessfully loged in and Home page is displayed]]>
            </line>
            <line>
              <![CDATA[error is displaying]]>
            </line>
          </reporter-output>
        </test-method> <!-- participantValidationTest -->
        <test-method is-config="true" signature="getResult(org.testng.ITestResult)[pri:0, instance:com.niveus.ParticipantTest@481a15ff]" started-at="2021-01-14T18:12:58 IST" name="getResult" finished-at="2021-01-14T18:12:59 IST" duration-ms="317" status="PASS">
          <params>
            <param index="0">
              <value>
                <![CDATA[[TestResult name=participantValidationTest status=FAILURE method=ParticipantTest.participantValidationTest()[pri:0, instance:com.niveus.ParticipantTest@481a15ff] output=Participant Testcase is runnng..........]]]>
              </value>
            </param>
          </params>
          <reporter-output>
          </reporter-output>
        </test-method> <!-- getResult -->
      </class> <!-- com.niveus.ParticipantTest -->
      <class name="com.niveus.PatientInfoTest">
        <test-method is-config="true" signature="configBc()[pri:0, instance:com.niveus.PatientInfoTest@306279ee]" started-at="2021-01-14T18:13:32 IST" name="configBc" finished-at="2021-01-14T18:13:47 IST" duration-ms="14661" status="PASS">
          <reporter-output>
            <line>
              <![CDATA[ Page  is sucessfully displayed]]>
            </line>
          </reporter-output>
        </test-method> <!-- configBc -->
        <test-method signature="patientInfoValidationTest()[pri:0, instance:com.niveus.PatientInfoTest@306279ee]" started-at="2021-01-14T18:13:47 IST" name="patientInfoValidationTest" finished-at="2021-01-14T18:14:30 IST" duration-ms="43087" status="PASS">
          <reporter-output>
            <line>
              <![CDATA[PatientInfo Testcase is runnng..........]]>
            </line>
            <line>
              <![CDATA[Login Alert Popup is displayed......]]>
            </line>
            <line>
              <![CDATA[Submitter Provider role is selected]]>
            </line>
            <line>
              <![CDATA[sucessfully loged in and Home page is displayed]]>
            </line>
            <line>
              <![CDATA[Addd new paient step ....1]]>
            </line>
            <line>
              <![CDATA[specialty and chief complaint is sucessfullly displayed##################]]>
            </line>
            <line>
              <![CDATA[Sucessfully icd code is selected########################]]>
            </line>
            <line>
              <![CDATA[Patient  is sucessfully added to the chat session]]>
            </line>
            <line>
              <![CDATA[Patient Details
Close
Name:
Prasanna Helo
Chief Complaint:
Have A Knee Pain In Leg
Dob:
11-11-1998
Sex:
Male
Age:
22 Years Old
Mobile Number:
917022912986
Email:
Prasanna@Gmail.Com
ICD:
I11.0 Hypertensive Heart Disease With Heart Failure
CPT:
A002 sucess]]>
            </line>
            <line>
              <![CDATA[patient name is displayed  sucesssfully]]>
            </line>
            <line>
              <![CDATA[patient date of birth  is displayed  sucesssfully]]>
            </line>
            <line>
              <![CDATA[patient year  is displayed  sucesssfully]]>
            </line>
            <line>
              <![CDATA[PatientInfoTest TestCase is sucessfully done ################################################## TEST IS PASS]]>
            </line>
          </reporter-output>
        </test-method> <!-- patientInfoValidationTest -->
        <test-method is-config="true" signature="getResult(org.testng.ITestResult)[pri:0, instance:com.niveus.PatientInfoTest@306279ee]" started-at="2021-01-14T18:14:30 IST" name="getResult" finished-at="2021-01-14T18:14:30 IST" duration-ms="1" status="PASS">
          <params>
            <param index="0">
              <value>
                <![CDATA[[TestResult name=patientInfoValidationTest status=SUCCESS method=PatientInfoTest.patientInfoValidationTest()[pri:0, instance:com.niveus.PatientInfoTest@306279ee] output=PatientInfo Testcase is runnng..........]]]>
              </value>
            </param>
          </params>
          <reporter-output>
          </reporter-output>
        </test-method> <!-- getResult -->
      </class> <!-- com.niveus.PatientInfoTest -->
      <class name="com.niveus.FilterTest">
        <test-method is-config="true" signature="configBc()[pri:0, instance:com.niveus.FilterTest@548ad73b]" started-at="2021-01-14T18:15:58 IST" name="configBc" finished-at="2021-01-14T18:16:12 IST" duration-ms="13740" status="PASS">
          <reporter-output>
            <line>
              <![CDATA[ Page  is sucessfully displayed]]>
            </line>
          </reporter-output>
        </test-method> <!-- configBc -->
        <test-method signature="filterValidationTest()[pri:0, instance:com.niveus.FilterTest@548ad73b]" started-at="2021-01-14T18:16:12 IST" name="filterValidationTest" finished-at="2021-01-14T18:16:35 IST" duration-ms="23257" status="PASS">
          <reporter-output>
            <line>
              <![CDATA[FilterTest Testcase is runnng..........]]>
            </line>
            <line>
              <![CDATA[Login page is sucessfully displayed]]>
            </line>
            <line>
              <![CDATA[Login Alert Popup is displayed......]]>
            </line>
            <line>
              <![CDATA[sucessfully logedin and Home page is displayed]]>
            </line>
            <line>
              <![CDATA[chat session is sucessfully displayed in Add specialty..>>>>>>>>>>>]]>
            </line>
            <line>
              <![CDATA[Testing, Alvin +2
Sent an image
30 minutes ago
RE: prasanna Helo]]>
            </line>
            <line>
              <![CDATA[second time stamp is taken.........############]]>
            </line>
            <line>
              <![CDATA[30 minutes ago]]>
            </line>
            <line>
              <![CDATA[chat session is sucessfully displayed in Add specialty..>>>>>>>>>>>]]>
            </line>
            <line>
              <![CDATA[a few seconds ago]]>
            </line>
            <line>
              <![CDATA[filter is sucessfully applied]]>
            </line>
            <line>
              <![CDATA[Filter Test is sucessfully done ############################# TEST IS PASS]]>
            </line>
          </reporter-output>
        </test-method> <!-- filterValidationTest -->
        <test-method is-config="true" signature="getResult(org.testng.ITestResult)[pri:0, instance:com.niveus.FilterTest@548ad73b]" started-at="2021-01-14T18:16:35 IST" name="getResult" finished-at="2021-01-14T18:16:35 IST" duration-ms="2" status="PASS">
          <params>
            <param index="0">
              <value>
                <![CDATA[[TestResult name=filterValidationTest status=SUCCESS method=FilterTest.filterValidationTest()[pri:0, instance:com.niveus.FilterTest@548ad73b] output=FilterTest Testcase is runnng..........]]]>
              </value>
            </param>
          </params>
          <reporter-output>
          </reporter-output>
        </test-method> <!-- getResult -->
      </class> <!-- com.niveus.FilterTest -->
      <class name="com.niveus.AddSpecialityTest">
        <test-method is-config="true" signature="configBc()[pri:0, instance:com.niveus.AddSpecialityTest@78186a70]" started-at="2021-01-14T18:12:59 IST" name="configBc" finished-at="2021-01-14T18:13:10 IST" duration-ms="11815" status="PASS">
          <reporter-output>
            <line>
              <![CDATA[ Page  is sucessfully displayed]]>
            </line>
          </reporter-output>
        </test-method> <!-- configBc -->
        <test-method signature="addspecialityValidationTest()[pri:0, instance:com.niveus.AddSpecialityTest@78186a70]" started-at="2021-01-14T18:13:10 IST" name="addspecialityValidationTest" finished-at="2021-01-14T18:13:32 IST" duration-ms="21581" status="PASS">
          <reporter-output>
            <line>
              <![CDATA[AddSpecialty testcase is running...........]]>
            </line>
            <line>
              <![CDATA[Login page is sucessfully displayed]]>
            </line>
            <line>
              <![CDATA[Login Alert Popup is displayed......]]>
            </line>
            <line>
              <![CDATA[Submitter Provider role is selected]]>
            </line>
            <line>
              <![CDATA[sucessfully loged in and Home page is displayed]]>
            </line>
            <line>
              <![CDATA[chat session is sucessfully displayed in Add specialty..>>>>>>>>>>>]]>
            </line>
            <line>
              <![CDATA[Speciality list is displaying sucessfully]]>
            </line>
            <line>
              <![CDATA[Doctor is sucessfully added to the chat session]]>
            </line>
            <line>
              <![CDATA[AddSpeciality TestCase is sucessfully done ############################# TEST IS PASS]]>
            </line>
          </reporter-output>
        </test-method> <!-- addspecialityValidationTest -->
        <test-method is-config="true" signature="getResult(org.testng.ITestResult)[pri:0, instance:com.niveus.AddSpecialityTest@78186a70]" started-at="2021-01-14T18:13:32 IST" name="getResult" finished-at="2021-01-14T18:13:32 IST" duration-ms="1" status="PASS">
          <params>
            <param index="0">
              <value>
                <![CDATA[[TestResult name=addspecialityValidationTest status=SUCCESS method=AddSpecialityTest.addspecialityValidationTest()[pri:0, instance:com.niveus.AddSpecialityTest@78186a70] output=AddSpecialty testcase is running...........]]]>
              </value>
            </param>
          </params>
          <reporter-output>
          </reporter-output>
        </test-method> <!-- getResult -->
      </class> <!-- com.niveus.AddSpecialityTest -->
      <class name="com.niveus.ChatMemberTest">
        <test-method is-config="true" signature="configBc()[pri:0, instance:com.niveus.ChatMemberTest@2641e737]" started-at="2021-01-14T18:16:54 IST" name="configBc" finished-at="2021-01-14T18:17:12 IST" duration-ms="17357" status="PASS">
          <reporter-output>
            <line>
              <![CDATA[ Page  is sucessfully displayed]]>
            </line>
          </reporter-output>
        </test-method> <!-- configBc -->
        <test-method signature="chatMemeberValidation()[pri:0, instance:com.niveus.ChatMemberTest@2641e737]" started-at="2021-01-14T18:17:12 IST" name="chatMemeberValidation" finished-at="2021-01-14T18:17:50 IST" duration-ms="38652" status="PASS">
          <reporter-output>
            <line>
              <![CDATA[Chatmember Testcase is running............]]>
            </line>
            <line>
              <![CDATA[Login Alert Popup is displayed......]]>
            </line>
            <line>
              <![CDATA[Submitter Provider role is selected]]>
            </line>
            <line>
              <![CDATA[sucessfully loged in and Home page is displayed]]>
            </line>
            <line>
              <![CDATA[Addd new paient step ....1]]>
            </line>
            <line>
              <![CDATA[Specialty and chief complaint is sucessfully displayed]]>
            </line>
            <line>
              <![CDATA[Icd code is sucessfully selected##########################]]>
            </line>
            <line>
              <![CDATA[Patient  is sucessfully added to the chat session]]>
            </line>
            <line>
              <![CDATA[Chat Member   Test   step ....5]]>
            </line>
            <line>
              <![CDATA[Responder 1 name  is displayed sucessfully]]>
            </line>
            <line>
              <![CDATA[patient name is displayed  sucesssfully]]>
            </line>
            <line>
              <![CDATA[ChatMember TestCase is sucessfully done  ############################# TEST IS PASS]]>
            </line>
          </reporter-output>
        </test-method> <!-- chatMemeberValidation -->
        <test-method is-config="true" signature="getResult(org.testng.ITestResult)[pri:0, instance:com.niveus.ChatMemberTest@2641e737]" started-at="2021-01-14T18:17:50 IST" name="getResult" finished-at="2021-01-14T18:17:50 IST" duration-ms="2" status="PASS">
          <params>
            <param index="0">
              <value>
                <![CDATA[[TestResult name=chatMemeberValidation status=SUCCESS method=ChatMemberTest.chatMemeberValidation()[pri:0, instance:com.niveus.ChatMemberTest@2641e737] output=Chatmember Testcase is running............]]]>
              </value>
            </param>
          </params>
          <reporter-output>
          </reporter-output>
        </test-method> <!-- getResult -->
      </class> <!-- com.niveus.ChatMemberTest -->
      <class name="com.niveus.ProfileUpadateTest">
        <test-method is-config="true" signature="configBc()[pri:0, instance:com.niveus.ProfileUpadateTest@4cf4d528]" started-at="2021-01-14T18:14:55 IST" name="configBc" finished-at="2021-01-14T18:15:05 IST" duration-ms="9627" status="PASS">
          <reporter-output>
            <line>
              <![CDATA[ Page  is sucessfully displayed]]>
            </line>
          </reporter-output>
        </test-method> <!-- configBc -->
        <test-method signature="updateProfileInformation()[pri:0, instance:com.niveus.ProfileUpadateTest@4cf4d528]" started-at="2021-01-14T18:15:05 IST" name="updateProfileInformation" finished-at="2021-01-14T18:15:17 IST" duration-ms="12685" status="PASS">
          <reporter-output>
            <line>
              <![CDATA[ProfileUpdate Testcase is runnng..........]]>
            </line>
            <line>
              <![CDATA[Login page is sucessfully displayed]]>
            </line>
            <line>
              <![CDATA[Login Alert Popup is displayed......]]>
            </line>
            <line>
              <![CDATA[sucessfully loged in and Home page is displayed]]>
            </line>
            <line>
              <![CDATA[Profile ingormation is sucessfully updated]]>
            </line>
            <line>
              <![CDATA[ProfileUpdateTest TestCase is sucessfully done ############################# TEST IS PASS]]>
            </line>
          </reporter-output>
        </test-method> <!-- updateProfileInformation -->
        <test-method is-config="true" signature="getResult(org.testng.ITestResult)[pri:0, instance:com.niveus.ProfileUpadateTest@4cf4d528]" started-at="2021-01-14T18:15:17 IST" name="getResult" finished-at="2021-01-14T18:15:17 IST" duration-ms="1" status="PASS">
          <params>
            <param index="0">
              <value>
                <![CDATA[[TestResult name=updateProfileInformation status=SUCCESS method=ProfileUpadateTest.updateProfileInformation()[pri:0, instance:com.niveus.ProfileUpadateTest@4cf4d528] output=ProfileUpdate Testcase is runnng..........]]]>
              </value>
            </param>
          </params>
          <reporter-output>
          </reporter-output>
        </test-method> <!-- getResult -->
      </class> <!-- com.niveus.ProfileUpadateTest -->
    </test> <!-- Surefire test -->
  </suite> <!-- Surefire suite -->
</testng-results>
