<?xml version="1.0" encoding="UTF-8"?>
<testsuite xmlns:xsi="http://www.w3.org/2001/XMLSchema-instance" xsi:noNamespaceSchemaLocation="https://maven.apache.org/surefire/maven-surefire-plugin/xsd/surefire-test-report.xsd" name="TestSuite" time="527.926" tests="14" errors="0" skipped="0" failures="0">
  <properties>
[...]
</properties>
  <testcase name="assigningDoctorTest" classname="com.niveus.AssigningDoctorTest" time="18.295"/>
  <testcase name="uploadDocumentValidation" classname="com.niveus.UploadDocumentTest" time="21.944"/>
  <testcase name="participantValidationTest" classname="com.niveus.ParticipantTest" time="35.105"/>
  <testcase name="addspecialityValidationTest" classname="com.niveus.AddSpecialityTest" time="22.828"/>
  <testcase name="patientInfoValidationTest" classname="com.niveus.PatientInfoTest" time="27.074"/>
  <testcase name="statusValidation" classname="com.niveus.ResponderStatusTest" time="41.668"/>
  <testcase name="updateProfileInformation" classname="com.niveus.ProfileUpadateTest" time="14.686"/>
  <testcase name="mediaFileValidation" classname="com.niveus.MediaFileTest" time="29.47"/>
  <testcase name="filterValidationTest" classname="com.niveus.FilterTest" time="18.696"/>
  <testcase name="loginPageTest" classname="com.niveus.LoginTest" time="4.665"/>
  <testcase name="chatMemeberValidation" classname="com.niveus.ChatMemberTest" time="28.363"/>
  <testcase name="addNewPatientTest" classname="com.niveus.AddNewPatientTest" time="26.975"/>
  <testcase name="uploadPhotoValidation" classname="com.niveus.UploadPhotosTest" time="22.973"/>
  <testcase name="closeCodeValidationTest" classname="com.niveus.CloseCodeTest" time="44.644"/>
</testsuite>