-------------------------------------------------------------------------------
Test set: TestSuite
-------------------------------------------------------------------------------
Tests run: 15, Failures: 1, Errors: 0, Skipped: 0, Time elapsed: 665.914 s <<< FAILURE! - in TestSuite
assigningDoctorTest(com.niveus.AssigningDoctorTest)  Time elapsed: 20.323 s  <<< FAILURE!
java.lang.AssertionError: did not expect to find [true] but found [false]
	at com.niveus.AssigningDoctorTest.assigningDoctorTest(AssigningDoctorTest.java:144)

