<?xml version="1.0" encoding="UTF-8"?>
<testng-results ignored="28" total="43" passed="15" failed="0" skipped="0">
  <reporter-output>
    <line>
      <![CDATA[AfyaAdmin Page  is sucessgully displayed]]>
    </line>
    <line>
      <![CDATA[Assigining doctor Testcase is running...........]]>
    </line>
    <line>
      <![CDATA[Login page is sucessfully displayed]]>
    </line>
    <line>
      <![CDATA[sucessfully logedin and Home page is displayed]]>
    </line>
    <line>
      <![CDATA[sucessfully clicked on new button]]>
    </line>
    <line>
      <![CDATA[sucessfully specialty is seleced]]>
    </line>
    <line>
      <![CDATA[Session has been created sucessfully created]]>
    </line>
    <line>
      <![CDATA[Doctor is sucessfully added to the chat session]]>
    </line>
    <line>
      <![CDATA[DOctor is assigned to the cht session]]>
    </line>
    <line>
      <![CDATA[AssigningDoctorTest TestCase is sucessfully done ############################# TEST IS PASS]]>
    </line>
    <line>
      <![CDATA[AfyaAdmin Page  is sucessgully displayed]]>
    </line>
    <line>
      <![CDATA[SearchValidation Testcase is runnng..........]]>
    </line>
    <line>
      <![CDATA[Login page is sucessfully displayed]]>
    </line>
    <line>
      <![CDATA[sucessfully loged in and Home page is displayed]]>
    </line>
    <line>
      <![CDATA[sucessfully clicked on New buuton]]>
    </line>
    <line>
      <![CDATA[Session has been created sucessfully created]]>
    </line>
    <line>
      <![CDATA[Search is sucessfully done]]>
    </line>
    <line>
      <![CDATA[SearchValidation TestCase is sucessfully done ############################# TEST IS PASS]]>
    </line>
    <line>
      <![CDATA[Search is sucessfully done]]>
    </line>
    <line>
      <![CDATA[SearchValidation TestCase is sucessfully done ############################# TEST IS PASS]]>
    </line>
    <line>
      <![CDATA[Search is sucessfully done]]>
    </line>
    <line>
      <![CDATA[SearchValidation TestCase is sucessfully done ############################# TEST IS PASS]]>
    </line>
    <line>
      <![CDATA[Search is sucessfully done]]>
    </line>
    <line>
      <![CDATA[SearchValidation TestCase is sucessfully done ############################# TEST IS PASS]]>
    </line>
    <line>
      <![CDATA[AfyaAdmin Page  is sucessgully displayed]]>
    </line>
    <line>
      <![CDATA[UploadDocument Testcase is runnng..........]]>
    </line>
    <line>
      <![CDATA[Login page is sucessfully displayed]]>
    </line>
    <line>
      <![CDATA[Submitter Provider role is selected]]>
    </line>
    <line>
      <![CDATA[sucessfully loged in and Home page is displayed]]>
    </line>
    <line>
      <![CDATA[file has been successfully uploaded. sucessfully updated]]>
    </line>
    <line>
      <![CDATA[UploadDocument Test is sucessfully done ############################# TEST IS PASS]]>
    </line>
    <line>
      <![CDATA[AfyaAdmin Page  is sucessgully displayed]]>
    </line>
    <line>
      <![CDATA[Participant Testcase is runnng..........]]>
    </line>
    <line>
      <![CDATA[Login page is sucessfully displayed]]>
    </line>
    <line>
      <![CDATA[Submitter Provider role is selected]]>
    </line>
    <line>
      <![CDATA[sucessfully loged in and Home page is displayed]]>
    </line>
    <line>
      <![CDATA[Full Access sucess]]>
    </line>
    <line>
      <![CDATA[ParticipantTest TestCase is sucessfully done ################################################## TEST IS PASS]]>
    </line>
    <line>
      <![CDATA[AfyaAdmin Page  is sucessgully displayed]]>
    </line>
    <line>
      <![CDATA[AddSpecialty testcase is running...........]]>
    </line>
    <line>
      <![CDATA[Login page is sucessfully displayed]]>
    </line>
    <line>
      <![CDATA[Submitter Provider role is selected]]>
    </line>
    <line>
      <![CDATA[sucessfully loged in and Home page is displayed]]>
    </line>
    <line>
      <![CDATA[chat session is sucessfully displayed in Add specialty..>>>>>>>>>>>]]>
    </line>
    <line>
      <![CDATA[Speciality list is displaying sucessfully]]>
    </line>
    <line>
      <![CDATA[Doctor is sucessfully added to the chat session]]>
    </line>
    <line>
      <![CDATA[AddSpeciality TestCase is sucessfully done ############################# TEST IS PASS]]>
    </line>
    <line>
      <![CDATA[AfyaAdmin Page  is sucessgully displayed]]>
    </line>
    <line>
      <![CDATA[PatientInfo Testcase is runnng..........]]>
    </line>
    <line>
      <![CDATA[Login page is sucessfully displayed]]>
    </line>
    <line>
      <![CDATA[Submitter Provider role is selected]]>
    </line>
    <line>
      <![CDATA[sucessfully loged in and Home page is displayed]]>
    </line>
    <line>
      <![CDATA[count number is .......1]]>
    </line>
    <line>
      <![CDATA[sucessfully icd code is selected.................##########]]>
    </line>
    <line>
      <![CDATA[Doctor is sucessfully added to the cht session]]>
    </line>
    <line>
      <![CDATA[DOctor is assigned to the cht session]]>
    </line>
    <line>
      <![CDATA[Patien  is sucessgully added to the chat session]]>
    </line>
    <line>
      <![CDATA[Doctor is sucessfully added to the cht session]]>
    </line>
    <line>
      <![CDATA[DOctor is assigned to the cht session]]>
    </line>
    <line>
      <![CDATA[Patien  is sucessgully added to the chat session]]>
    </line>
    <line>
      <![CDATA[Doctor is sucessfully added to the cht session]]>
    </line>
    <line>
      <![CDATA[DOctor is assigned to the cht session]]>
    </line>
    <line>
      <![CDATA[Patien  is sucessgully added to the chat session]]>
    </line>
    <line>
      <![CDATA[Patient Details
Close
Name:
Prasad Shetty
Chief:
Have A Knee Pain In Leg
Dob:
11-11-1998
Gender:
Female
Year:
21 Years Old
Mobile:
16578901245
Email:
username795@gmail.com
Icd:
I11.0 Hypertensive Heart Disease With Heart Failure
Cpt:
Not Specified sucess]]>
    </line>
    <line>
      <![CDATA[patient name is displayed  sucesssfully]]>
    </line>
    <line>
      <![CDATA[patient date of birth  is displayed  sucesssfully]]>
    </line>
    <line>
      <![CDATA[patient year  is displayed  sucesssfully]]>
    </line>
    <line>
      <![CDATA[PatientInfoTest TestCase is sucessfully done ################################################## TEST IS PASS]]>
    </line>
    <line>
      <![CDATA[AfyaAdmin Page  is sucessgully displayed]]>
    </line>
    <line>
      <![CDATA[Responder Status Testcase is runnng..........]]>
    </line>
    <line>
      <![CDATA[Login page is sucessfully displayed]]>
    </line>
    <line>
      <![CDATA[sucessfully loged in and Home page is displayed]]>
    </line>
    <line>
      <![CDATA[User status is changed to Away]]>
    </line>
    <line>
      <![CDATA[status is sucessfully changed ]]>
    </line>
    <line>
      <![CDATA[ResponderStatus TestCase is sucessfully done ############################# TEST IS PASS]]>
    </line>
    <line>
      <![CDATA[User status is changed to Chat Only]]>
    </line>
    <line>
      <![CDATA[status is sucessfully changed ]]>
    </line>
    <line>
      <![CDATA[ResponderStatus TestCase is sucessfully done ############################# TEST IS PASS]]>
    </line>
    <line>
      <![CDATA[User status is changed to Active]]>
    </line>
    <line>
      <![CDATA[status is sucessfully changed ]]>
    </line>
    <line>
      <![CDATA[ResponderStatus TestCase is sucessfully done ############################# TEST IS PASS]]>
    </line>
    <line>
      <![CDATA[AfyaAdmin Page  is sucessgully displayed]]>
    </line>
    <line>
      <![CDATA[ProfileUpdate Testcase is runnng..........]]>
    </line>
    <line>
      <![CDATA[Login page is sucessfully displayed]]>
    </line>
    <line>
      <![CDATA[sucessfully loged in and Home page is displayed]]>
    </line>
    <line>
      <![CDATA[Profile ingormation is sucessfully updated]]>
    </line>
    <line>
      <![CDATA[ProfileUpdateTest TestCase is sucessfully done ############################# TEST IS PASS]]>
    </line>
    <line>
      <![CDATA[AfyaAdmin Page  is sucessgully displayed]]>
    </line>
    <line>
      <![CDATA[MediaFile Testcase is runnng..........]]>
    </line>
    <line>
      <![CDATA[Login page is sucessfully displayed]]>
    </line>
    <line>
      <![CDATA[Submitter Provider role is selected]]>
    </line>
    <line>
      <![CDATA[sucessfully loged in and Home page is displayed]]>
    </line>
    <line>
      <![CDATA[Chat session is sucessfully  displayed in the landing page]]>
    </line>
    <line>
      <![CDATA[file has been successfully uploaded. sucessfully updated]]>
    </line>
    <line>
      <![CDATA[media file is sucessfully displayed]]>
    </line>
    <line>
      <![CDATA[MediaFileTest TestCase is sucessfully done ################################################## TEST IS PASS]]>
    </line>
    <line>
      <![CDATA[AfyaAdmin Page  is sucessgully displayed]]>
    </line>
    <line>
      <![CDATA[FilterTest Testcase is runnng..........]]>
    </line>
    <line>
      <![CDATA[Login page is sucessfully displayed]]>
    </line>
    <line>
      <![CDATA[sucessfully logedin and Home page is displayed]]>
    </line>
    <line>
      <![CDATA[test2, Alvin +1
Sent an image
a few seconds ago
RE: prasad shetty]]>
    </line>
    <line>
      <![CDATA[First time stmp is  displayed........###########]]>
    </line>
    <line>
      <![CDATA[a few seconds ago]]>
    </line>
    <line>
      <![CDATA[a day ago]]>
    </line>
    <line>
      <![CDATA[filter is sucessfully applied]]>
    </line>
    <line>
      <![CDATA[Filter Test is sucessfully done ############################# TEST IS PASS]]>
    </line>
    <line>
      <![CDATA[AfyaAdmin Page  is sucessgully displayed]]>
    </line>
    <line>
      <![CDATA[Login Testcase is runnng..........]]>
    </line>
    <line>
      <![CDATA[Login page is sucessfully displayed]]>
    </line>
    <line>
      <![CDATA[sucessfully loged in and Home page is displayed]]>
    </line>
    <line>
      <![CDATA[Login TestCase is sucessfully done ############################# TEST IS PASS]]>
    </line>
    <line>
      <![CDATA[AfyaAdmin Page  is sucessgully displayed]]>
    </line>
    <line>
      <![CDATA[Chatmember Testcase is running............]]>
    </line>
    <line>
      <![CDATA[Login page is sucessfully displayed]]>
    </line>
    <line>
      <![CDATA[Submitter Provider role is selected]]>
    </line>
    <line>
      <![CDATA[sucessfully logedin and Home page is displayed]]>
    </line>
    <line>
      <![CDATA[click on the new button sucessfully......###########]]>
    </line>
    <line>
      <![CDATA[sucessfully enter the speciality and chief complaint.........########]]>
    </line>
    <line>
      <![CDATA[Icd code is sucessfully displayed............############]]>
    </line>
    <line>
      <![CDATA[Doctor is sucessfully added to the chat session]]>
    </line>
    <line>
      <![CDATA[Doctor is assigned to the chat session]]>
    </line>
    <line>
      <![CDATA[Patient  is sucessfully added to the chat session]]>
    </line>
    <line>
      <![CDATA[Doctor is sucessfully added to the chat session]]>
    </line>
    <line>
      <![CDATA[DOctor is assigned to the chat session]]>
    </line>
    <line>
      <![CDATA[Patient  is sucessgully added to the chat session]]>
    </line>
    <line>
      <![CDATA[Responder 1 name  is displayed sucessfully]]>
    </line>
    <line>
      <![CDATA[patient name is displayed  sucesssfully]]>
    </line>
    <line>
      <![CDATA[ChatMember TestCase is sucessfully done  ############################# TEST IS PASS]]>
    </line>
    <line>
      <![CDATA[AfyaAdmin Page  is sucessgully displayed]]>
    </line>
    <line>
      <![CDATA[Addnewpatient testcase is running.............############]]>
    </line>
    <line>
      <![CDATA[Sucessfully selected the Icd Code.........]]>
    </line>
    <line>
      <![CDATA[This chat has been assigned to Dr. Hhhhhh Sssss (Anesthesiology) and the provider will respond to this chat after they've reviewed
Oct 02, 11:49 AM...........Sucess...]]>
    </line>
    <line>
      <![CDATA[Doctor is sucessfully added to the chat session]]>
    </line>
    <line>
      <![CDATA[Doctor is assigned to the chat session]]>
    </line>
    <line>
      <![CDATA[Patient  is sucessfully added to the chat session]]>
    </line>
    <line>
      <![CDATA[AddNewPatientTest TestCase is sucessfully done ############################# TEST IS PASS]]>
    </line>
    <line>
      <![CDATA[AfyaAdmin Page  is sucessgully displayed]]>
    </line>
    <line>
      <![CDATA[UploadPhoto Testcase is runnng..........]]>
    </line>
    <line>
      <![CDATA[Login page is sucessfully displayed]]>
    </line>
    <line>
      <![CDATA[sucessfully loged in and Home page is displayed]]>
    </line>
    <line>
      <![CDATA[file has been successfully uploaded. sucessfully updated]]>
    </line>
    <line>
      <![CDATA[UploadPhotosTest is sucessfully done ############################# TEST IS PASS]]>
    </line>
    <line>
      <![CDATA[AfyaAdmin Page  is sucessgully displayed]]>
    </line>
    <line>
      <![CDATA[Closecode Testcase is runnng..........]]>
    </line>
    <line>
      <![CDATA[Login page is sucessfully displayed]]>
    </line>
    <line>
      <![CDATA[Submitter Provider role is selected]]>
    </line>
    <line>
      <![CDATA[sucessfully logedin and HomePage is displayed]]>
    </line>
    <line>
      <![CDATA[Sucessfully chat session is displayed...in close code ....>>>>>>>>>>>>>>]]>
    </line>
    <line>
      <![CDATA[Dr. test2 prasanna has marked this consultation as Complete sucess]]>
    </line>
    <line>
      <![CDATA[close code apply sucessfully...>>>> 1]]>
    </line>
    <line>
      <![CDATA[Dr. test2 prasanna has marked this consultation as recommending an In Person Visit sucess]]>
    </line>
    <line>
      <![CDATA[CloseCode TestCase is sucessfully done ############################# TEST IS PASS]]>
    </line>
  </reporter-output>
  <suite started-at="2020-10-02T11:42:12 IST" name="Surefire suite" finished-at="2020-10-02T11:51:16 IST" duration-ms="544019">
    <groups>
    </groups>
    <test started-at="2020-10-02T11:42:12 IST" name="Surefire test" finished-at="2020-10-02T11:51:16 IST" duration-ms="544019">
      <class name="com.niveus.UploadPhotosTest">
        <test-method is-config="true" signature="configBc()[pri:0, instance:com.niveus.UploadPhotosTest@16f7c8c1]" started-at="2020-10-02T11:49:55 IST" name="configBc" finished-at="2020-10-02T11:50:09 IST" duration-ms="13667" status="PASS">
          <reporter-output>
            <line>
              <![CDATA[AfyaAdmin Page  is sucessgully displayed]]>
            </line>
          </reporter-output>
        </test-method> <!-- configBc -->
        <test-method signature="uploadPhotoValidation()[pri:0, instance:com.niveus.UploadPhotosTest@16f7c8c1]" started-at="2020-10-02T11:50:09 IST" name="uploadPhotoValidation" finished-at="2020-10-02T11:50:32 IST" duration-ms="23076" status="PASS">
          <reporter-output>
            <line>
              <![CDATA[UploadPhoto Testcase is runnng..........]]>
            </line>
            <line>
              <![CDATA[Login page is sucessfully displayed]]>
            </line>
            <line>
              <![CDATA[sucessfully loged in and Home page is displayed]]>
            </line>
            <line>
              <![CDATA[file has been successfully uploaded. sucessfully updated]]>
            </line>
            <line>
              <![CDATA[UploadPhotosTest is sucessfully done ############################# TEST IS PASS]]>
            </line>
          </reporter-output>
        </test-method> <!-- uploadPhotoValidation -->
        <test-method is-config="true" signature="getResult(org.testng.ITestResult)[pri:0, instance:com.niveus.UploadPhotosTest@16f7c8c1]" started-at="2020-10-02T11:50:32 IST" name="getResult" finished-at="2020-10-02T11:50:32 IST" duration-ms="66" status="PASS">
          <params>
            <param index="0">
              <value>
                <![CDATA[[TestResult name=uploadPhotoValidation status=SUCCESS method=UploadPhotosTest.uploadPhotoValidation()[pri:0, instance:com.niveus.UploadPhotosTest@16f7c8c1] output=UploadPhoto Testcase is runnng..........]]]>
              </value>
            </param>
          </params>
          <reporter-output>
          </reporter-output>
        </test-method> <!-- getResult -->
      </class> <!-- com.niveus.UploadPhotosTest -->
      <class name="com.niveus.SearchValidationTest">
        <test-method is-config="true" signature="configBc()[pri:0, instance:com.niveus.SearchValidationTest@78186a70]" started-at="2020-10-02T11:42:35 IST" name="configBc" finished-at="2020-10-02T11:42:48 IST" duration-ms="12844" status="PASS">
          <reporter-output>
            <line>
              <![CDATA[AfyaAdmin Page  is sucessgully displayed]]>
            </line>
          </reporter-output>
        </test-method> <!-- configBc -->
        <test-method signature="patientSearchTest()[pri:0, instance:com.niveus.SearchValidationTest@78186a70]" started-at="2020-10-02T11:42:48 IST" name="patientSearchTest" finished-at="2020-10-02T11:42:59 IST" duration-ms="11417" status="PASS">
          <reporter-output>
            <line>
              <![CDATA[SearchValidation Testcase is runnng..........]]>
            </line>
            <line>
              <![CDATA[Login page is sucessfully displayed]]>
            </line>
            <line>
              <![CDATA[sucessfully loged in and Home page is displayed]]>
            </line>
            <line>
              <![CDATA[sucessfully clicked on New buuton]]>
            </line>
            <line>
              <![CDATA[Session has been created sucessfully created]]>
            </line>
            <line>
              <![CDATA[Search is sucessfully done]]>
            </line>
            <line>
              <![CDATA[SearchValidation TestCase is sucessfully done ############################# TEST IS PASS]]>
            </line>
            <line>
              <![CDATA[Search is sucessfully done]]>
            </line>
            <line>
              <![CDATA[SearchValidation TestCase is sucessfully done ############################# TEST IS PASS]]>
            </line>
            <line>
              <![CDATA[Search is sucessfully done]]>
            </line>
            <line>
              <![CDATA[SearchValidation TestCase is sucessfully done ############################# TEST IS PASS]]>
            </line>
            <line>
              <![CDATA[Search is sucessfully done]]>
            </line>
            <line>
              <![CDATA[SearchValidation TestCase is sucessfully done ############################# TEST IS PASS]]>
            </line>
          </reporter-output>
        </test-method> <!-- patientSearchTest -->
        <test-method is-config="true" signature="getResult(org.testng.ITestResult)[pri:0, instance:com.niveus.SearchValidationTest@78186a70]" started-at="2020-10-02T11:42:59 IST" name="getResult" finished-at="2020-10-02T11:42:59 IST" duration-ms="67" status="PASS">
          <params>
            <param index="0">
              <value>
                <![CDATA[[TestResult name=patientSearchTest status=SUCCESS method=SearchValidationTest.patientSearchTest()[pri:0, instance:com.niveus.SearchValidationTest@78186a70] output=SearchValidation Testcase is runnng..........]]]>
              </value>
            </param>
          </params>
          <reporter-output>
          </reporter-output>
        </test-method> <!-- getResult -->
      </class> <!-- com.niveus.SearchValidationTest -->
      <class name="com.niveus.LoginTest">
        <test-method is-config="true" signature="configBc()[pri:0, instance:com.niveus.LoginTest@704921a5]" started-at="2020-10-02T11:48:36 IST" name="configBc" finished-at="2020-10-02T11:48:47 IST" duration-ms="10087" status="PASS">
          <reporter-output>
            <line>
              <![CDATA[AfyaAdmin Page  is sucessgully displayed]]>
            </line>
          </reporter-output>
        </test-method> <!-- configBc -->
        <test-method signature="loginPageTest()[pri:0, instance:com.niveus.LoginTest@704921a5]" started-at="2020-10-02T11:48:47 IST" name="loginPageTest" finished-at="2020-10-02T11:48:52 IST" duration-ms="5352" status="PASS">
          <reporter-output>
            <line>
              <![CDATA[Login Testcase is runnng..........]]>
            </line>
            <line>
              <![CDATA[Login page is sucessfully displayed]]>
            </line>
            <line>
              <![CDATA[sucessfully loged in and Home page is displayed]]>
            </line>
            <line>
              <![CDATA[Login TestCase is sucessfully done ############################# TEST IS PASS]]>
            </line>
          </reporter-output>
        </test-method> <!-- loginPageTest -->
        <test-method is-config="true" signature="getResult(org.testng.ITestResult)[pri:0, instance:com.niveus.LoginTest@704921a5]" started-at="2020-10-02T11:48:52 IST" name="getResult" finished-at="2020-10-02T11:48:52 IST" duration-ms="66" status="PASS">
          <params>
            <param index="0">
              <value>
                <![CDATA[[TestResult name=loginPageTest status=SUCCESS method=LoginTest.loginPageTest()[pri:0, instance:com.niveus.LoginTest@704921a5] output=Login Testcase is runnng..........]]]>
              </value>
            </param>
          </params>
          <reporter-output>
          </reporter-output>
        </test-method> <!-- getResult -->
      </class> <!-- com.niveus.LoginTest -->
      <class name="com.niveus.ResponderStatusTest">
        <test-method is-config="true" signature="configBc()[pri:0, instance:com.niveus.ResponderStatusTest@548ad73b]" started-at="2020-10-02T11:45:37 IST" name="configBc" finished-at="2020-10-02T11:46:05 IST" duration-ms="28108" status="PASS">
          <reporter-output>
            <line>
              <![CDATA[AfyaAdmin Page  is sucessgully displayed]]>
            </line>
          </reporter-output>
        </test-method> <!-- configBc -->
        <test-method signature="statusValidation()[pri:0, instance:com.niveus.ResponderStatusTest@548ad73b]" started-at="2020-10-02T11:46:05 IST" name="statusValidation" finished-at="2020-10-02T11:46:51 IST" duration-ms="46251" status="PASS">
          <reporter-output>
            <line>
              <![CDATA[Responder Status Testcase is runnng..........]]>
            </line>
            <line>
              <![CDATA[Login page is sucessfully displayed]]>
            </line>
            <line>
              <![CDATA[sucessfully loged in and Home page is displayed]]>
            </line>
            <line>
              <![CDATA[User status is changed to Away]]>
            </line>
            <line>
              <![CDATA[status is sucessfully changed ]]>
            </line>
            <line>
              <![CDATA[ResponderStatus TestCase is sucessfully done ############################# TEST IS PASS]]>
            </line>
            <line>
              <![CDATA[User status is changed to Chat Only]]>
            </line>
            <line>
              <![CDATA[status is sucessfully changed ]]>
            </line>
            <line>
              <![CDATA[ResponderStatus TestCase is sucessfully done ############################# TEST IS PASS]]>
            </line>
            <line>
              <![CDATA[User status is changed to Active]]>
            </line>
            <line>
              <![CDATA[status is sucessfully changed ]]>
            </line>
            <line>
              <![CDATA[ResponderStatus TestCase is sucessfully done ############################# TEST IS PASS]]>
            </line>
          </reporter-output>
        </test-method> <!-- statusValidation -->
        <test-method is-config="true" signature="getResult(org.testng.ITestResult)[pri:0, instance:com.niveus.ResponderStatusTest@548ad73b]" started-at="2020-10-02T11:46:51 IST" name="getResult" finished-at="2020-10-02T11:46:51 IST" duration-ms="116" status="PASS">
          <params>
            <param index="0">
              <value>
                <![CDATA[[TestResult name=statusValidation status=SUCCESS method=ResponderStatusTest.statusValidation()[pri:0, instance:com.niveus.ResponderStatusTest@548ad73b] output=Responder Status Testcase is runnng..........]]]>
              </value>
            </param>
          </params>
          <reporter-output>
          </reporter-output>
        </test-method> <!-- getResult -->
      </class> <!-- com.niveus.ResponderStatusTest -->
      <class name="com.niveus.MediaFileTest">
        <test-method is-config="true" signature="configBc()[pri:0, instance:com.niveus.MediaFileTest@2641e737]" started-at="2020-10-02T11:47:20 IST" name="configBc" finished-at="2020-10-02T11:47:31 IST" duration-ms="11323" status="PASS">
          <reporter-output>
            <line>
              <![CDATA[AfyaAdmin Page  is sucessgully displayed]]>
            </line>
          </reporter-output>
        </test-method> <!-- configBc -->
        <test-method signature="mediaFileValidation()[pri:0, instance:com.niveus.MediaFileTest@2641e737]" started-at="2020-10-02T11:47:31 IST" name="mediaFileValidation" finished-at="2020-10-02T11:48:15 IST" duration-ms="43468" status="PASS">
          <reporter-output>
            <line>
              <![CDATA[MediaFile Testcase is runnng..........]]>
            </line>
            <line>
              <![CDATA[Login page is sucessfully displayed]]>
            </line>
            <line>
              <![CDATA[Submitter Provider role is selected]]>
            </line>
            <line>
              <![CDATA[sucessfully loged in and Home page is displayed]]>
            </line>
            <line>
              <![CDATA[Chat session is sucessfully  displayed in the landing page]]>
            </line>
            <line>
              <![CDATA[file has been successfully uploaded. sucessfully updated]]>
            </line>
            <line>
              <![CDATA[media file is sucessfully displayed]]>
            </line>
            <line>
              <![CDATA[MediaFileTest TestCase is sucessfully done ################################################## TEST IS PASS]]>
            </line>
          </reporter-output>
        </test-method> <!-- mediaFileValidation -->
        <test-method is-config="true" signature="getResult(org.testng.ITestResult)[pri:0, instance:com.niveus.MediaFileTest@2641e737]" started-at="2020-10-02T11:48:15 IST" name="getResult" finished-at="2020-10-02T11:48:15 IST" duration-ms="66" status="PASS">
          <params>
            <param index="0">
              <value>
                <![CDATA[[TestResult name=mediaFileValidation status=SUCCESS method=MediaFileTest.mediaFileValidation()[pri:0, instance:com.niveus.MediaFileTest@2641e737] output=MediaFile Testcase is runnng..........]]]>
              </value>
            </param>
          </params>
          <reporter-output>
          </reporter-output>
        </test-method> <!-- getResult -->
      </class> <!-- com.niveus.MediaFileTest -->
      <class name="com.niveus.AddNewPatientTest">
        <test-method is-config="true" signature="configBc()[pri:0, instance:com.niveus.AddNewPatientTest@24a35978]" started-at="2020-10-02T11:49:26 IST" name="configBc" finished-at="2020-10-02T11:49:37 IST" duration-ms="10907" status="PASS">
          <reporter-output>
            <line>
              <![CDATA[AfyaAdmin Page  is sucessgully displayed]]>
            </line>
          </reporter-output>
        </test-method> <!-- configBc -->
        <test-method signature="addNewPatientTest()[pri:0, instance:com.niveus.AddNewPatientTest@24a35978]" started-at="2020-10-02T11:49:37 IST" name="addNewPatientTest" finished-at="2020-10-02T11:49:55 IST" duration-ms="18254" status="PASS">
          <reporter-output>
            <line>
              <![CDATA[Addnewpatient testcase is running.............############]]>
            </line>
            <line>
              <![CDATA[Sucessfully selected the Icd Code.........]]>
            </line>
            <line>
              <![CDATA[This chat has been assigned to Dr. Hhhhhh Sssss (Anesthesiology) and the provider will respond to this chat after they've reviewed
Oct 02, 11:49 AM...........Sucess...]]>
            </line>
            <line>
              <![CDATA[Doctor is sucessfully added to the chat session]]>
            </line>
            <line>
              <![CDATA[Doctor is assigned to the chat session]]>
            </line>
            <line>
              <![CDATA[Patient  is sucessfully added to the chat session]]>
            </line>
            <line>
              <![CDATA[AddNewPatientTest TestCase is sucessfully done ############################# TEST IS PASS]]>
            </line>
          </reporter-output>
        </test-method> <!-- addNewPatientTest -->
        <test-method is-config="true" signature="getResult(org.testng.ITestResult)[pri:0, instance:com.niveus.AddNewPatientTest@24a35978]" started-at="2020-10-02T11:49:55 IST" name="getResult" finished-at="2020-10-02T11:49:55 IST" duration-ms="67" status="PASS">
          <params>
            <param index="0">
              <value>
                <![CDATA[[TestResult name=addNewPatientTest status=SUCCESS method=AddNewPatientTest.addNewPatientTest()[pri:0, instance:com.niveus.AddNewPatientTest@24a35978] output=Addnewpatient testcase is running.............############]]]>
              </value>
            </param>
          </params>
          <reporter-output>
          </reporter-output>
        </test-method> <!-- getResult -->
      </class> <!-- com.niveus.AddNewPatientTest -->
      <class name="com.niveus.AssigningDoctorTest">
        <test-method is-config="true" signature="setUp()[pri:0, instance:com.niveus.AssigningDoctorTest@481a15ff]" started-at="2020-10-02T11:42:12 IST" name="setUp" finished-at="2020-10-02T11:42:12 IST" duration-ms="244" status="PASS">
          <reporter-output>
          </reporter-output>
        </test-method> <!-- setUp -->
        <test-method is-config="true" signature="configBc()[pri:0, instance:com.niveus.AssigningDoctorTest@481a15ff]" started-at="2020-10-02T11:42:12 IST" name="configBc" finished-at="2020-10-02T11:42:21 IST" duration-ms="8502" status="PASS">
          <reporter-output>
            <line>
              <![CDATA[AfyaAdmin Page  is sucessgully displayed]]>
            </line>
          </reporter-output>
        </test-method> <!-- configBc -->
        <test-method signature="assigningDoctorTest()[pri:0, instance:com.niveus.AssigningDoctorTest@481a15ff]" started-at="2020-10-02T11:42:21 IST" name="assigningDoctorTest" finished-at="2020-10-02T11:42:35 IST" duration-ms="13995" status="PASS">
          <reporter-output>
            <line>
              <![CDATA[Assigining doctor Testcase is running...........]]>
            </line>
            <line>
              <![CDATA[Login page is sucessfully displayed]]>
            </line>
            <line>
              <![CDATA[sucessfully logedin and Home page is displayed]]>
            </line>
            <line>
              <![CDATA[sucessfully clicked on new button]]>
            </line>
            <line>
              <![CDATA[sucessfully specialty is seleced]]>
            </line>
            <line>
              <![CDATA[Session has been created sucessfully created]]>
            </line>
            <line>
              <![CDATA[Doctor is sucessfully added to the chat session]]>
            </line>
            <line>
              <![CDATA[DOctor is assigned to the cht session]]>
            </line>
            <line>
              <![CDATA[AssigningDoctorTest TestCase is sucessfully done ############################# TEST IS PASS]]>
            </line>
          </reporter-output>
        </test-method> <!-- assigningDoctorTest -->
        <test-method is-config="true" signature="getResult(org.testng.ITestResult)[pri:0, instance:com.niveus.AssigningDoctorTest@481a15ff]" started-at="2020-10-02T11:42:35 IST" name="getResult" finished-at="2020-10-02T11:42:35 IST" duration-ms="88" status="PASS">
          <params>
            <param index="0">
              <value>
                <![CDATA[[TestResult name=assigningDoctorTest status=SUCCESS method=AssigningDoctorTest.assigningDoctorTest()[pri:0, instance:com.niveus.AssigningDoctorTest@481a15ff] output=Assigining doctor Testcase is running...........]]]>
              </value>
            </param>
          </params>
          <reporter-output>
          </reporter-output>
        </test-method> <!-- getResult -->
        <test-method is-config="true" signature="flushReport()[pri:0, instance:com.niveus.AssigningDoctorTest@481a15ff]" started-at="2020-10-02T11:51:17 IST" name="flushReport" finished-at="2020-10-02T11:52:22 IST" duration-ms="65658" status="PASS">
          <reporter-output>
          </reporter-output>
        </test-method> <!-- flushReport -->
      </class> <!-- com.niveus.AssigningDoctorTest -->
      <class name="com.niveus.UploadDocumentTest">
        <test-method is-config="true" signature="configBc()[pri:0, instance:com.niveus.UploadDocumentTest@306279ee]" started-at="2020-10-02T11:42:59 IST" name="configBc" finished-at="2020-10-02T11:43:10 IST" duration-ms="10823" status="PASS">
          <reporter-output>
            <line>
              <![CDATA[AfyaAdmin Page  is sucessgully displayed]]>
            </line>
          </reporter-output>
        </test-method> <!-- configBc -->
        <test-method signature="uploadDocumentValidation()[pri:0, instance:com.niveus.UploadDocumentTest@306279ee]" started-at="2020-10-02T11:43:10 IST" name="uploadDocumentValidation" finished-at="2020-10-02T11:43:33 IST" duration-ms="22365" status="PASS">
          <reporter-output>
            <line>
              <![CDATA[UploadDocument Testcase is runnng..........]]>
            </line>
            <line>
              <![CDATA[Login page is sucessfully displayed]]>
            </line>
            <line>
              <![CDATA[Submitter Provider role is selected]]>
            </line>
            <line>
              <![CDATA[sucessfully loged in and Home page is displayed]]>
            </line>
            <line>
              <![CDATA[file has been successfully uploaded. sucessfully updated]]>
            </line>
            <line>
              <![CDATA[UploadDocument Test is sucessfully done ############################# TEST IS PASS]]>
            </line>
          </reporter-output>
        </test-method> <!-- uploadDocumentValidation -->
        <test-method is-config="true" signature="getResult(org.testng.ITestResult)[pri:0, instance:com.niveus.UploadDocumentTest@306279ee]" started-at="2020-10-02T11:43:33 IST" name="getResult" finished-at="2020-10-02T11:43:33 IST" duration-ms="1" status="PASS">
          <params>
            <param index="0">
              <value>
                <![CDATA[[TestResult name=uploadDocumentValidation status=SUCCESS method=UploadDocumentTest.uploadDocumentValidation()[pri:0, instance:com.niveus.UploadDocumentTest@306279ee] output=UploadDocument Testcase is runnng..........]]]>
              </value>
            </param>
          </params>
          <reporter-output>
          </reporter-output>
        </test-method> <!-- getResult -->
      </class> <!-- com.niveus.UploadDocumentTest -->
      <class name="com.niveus.CloseCodeTest">
        <test-method is-config="true" signature="configBc()[pri:0, instance:com.niveus.CloseCodeTest@2f0a87b3]" started-at="2020-10-02T11:50:32 IST" name="configBc" finished-at="2020-10-02T11:50:45 IST" duration-ms="13162" status="PASS">
          <reporter-output>
            <line>
              <![CDATA[AfyaAdmin Page  is sucessgully displayed]]>
            </line>
          </reporter-output>
        </test-method> <!-- configBc -->
        <test-method signature="closeCodeValidationTest()[pri:0, instance:com.niveus.CloseCodeTest@2f0a87b3]" started-at="2020-10-02T11:50:45 IST" name="closeCodeValidationTest" finished-at="2020-10-02T11:51:16 IST" duration-ms="30980" status="PASS">
          <reporter-output>
            <line>
              <![CDATA[Closecode Testcase is runnng..........]]>
            </line>
            <line>
              <![CDATA[Login page is sucessfully displayed]]>
            </line>
            <line>
              <![CDATA[Submitter Provider role is selected]]>
            </line>
            <line>
              <![CDATA[sucessfully logedin and HomePage is displayed]]>
            </line>
            <line>
              <![CDATA[Sucessfully chat session is displayed...in close code ....>>>>>>>>>>>>>>]]>
            </line>
            <line>
              <![CDATA[Dr. test2 prasanna has marked this consultation as Complete sucess]]>
            </line>
            <line>
              <![CDATA[close code apply sucessfully...>>>> 1]]>
            </line>
            <line>
              <![CDATA[Dr. test2 prasanna has marked this consultation as recommending an In Person Visit sucess]]>
            </line>
            <line>
              <![CDATA[CloseCode TestCase is sucessfully done ############################# TEST IS PASS]]>
            </line>
          </reporter-output>
        </test-method> <!-- closeCodeValidationTest -->
        <test-method is-config="true" signature="getResult(org.testng.ITestResult)[pri:0, instance:com.niveus.CloseCodeTest@2f0a87b3]" started-at="2020-10-02T11:51:16 IST" name="getResult" finished-at="2020-10-02T11:51:16 IST" duration-ms="66" status="PASS">
          <params>
            <param index="0">
              <value>
                <![CDATA[[TestResult name=closeCodeValidationTest status=SUCCESS method=CloseCodeTest.closeCodeValidationTest()[pri:0, instance:com.niveus.CloseCodeTest@2f0a87b3] output=Closecode Testcase is runnng..........]]]>
              </value>
            </param>
          </params>
          <reporter-output>
          </reporter-output>
        </test-method> <!-- getResult -->
      </class> <!-- com.niveus.CloseCodeTest -->
      <class name="com.niveus.ParticipantTest">
        <test-method is-config="true" signature="configBc()[pri:0, instance:com.niveus.ParticipantTest@545997b1]" started-at="2020-10-02T11:43:33 IST" name="configBc" finished-at="2020-10-02T11:43:40 IST" duration-ms="7823" status="PASS">
          <reporter-output>
            <line>
              <![CDATA[AfyaAdmin Page  is sucessgully displayed]]>
            </line>
          </reporter-output>
        </test-method> <!-- configBc -->
        <test-method signature="participantValidationTest()[pri:0, instance:com.niveus.ParticipantTest@545997b1]" started-at="2020-10-02T11:43:40 IST" name="participantValidationTest" finished-at="2020-10-02T11:44:18 IST" duration-ms="37311" status="PASS">
          <reporter-output>
            <line>
              <![CDATA[Participant Testcase is runnng..........]]>
            </line>
            <line>
              <![CDATA[Login page is sucessfully displayed]]>
            </line>
            <line>
              <![CDATA[Submitter Provider role is selected]]>
            </line>
            <line>
              <![CDATA[sucessfully loged in and Home page is displayed]]>
            </line>
            <line>
              <![CDATA[Full Access sucess]]>
            </line>
            <line>
              <![CDATA[ParticipantTest TestCase is sucessfully done ################################################## TEST IS PASS]]>
            </line>
          </reporter-output>
        </test-method> <!-- participantValidationTest -->
        <test-method is-config="true" signature="getResult(org.testng.ITestResult)[pri:0, instance:com.niveus.ParticipantTest@545997b1]" started-at="2020-10-02T11:44:18 IST" name="getResult" finished-at="2020-10-02T11:44:18 IST" duration-ms="68" status="PASS">
          <params>
            <param index="0">
              <value>
                <![CDATA[[TestResult name=participantValidationTest status=SUCCESS method=ParticipantTest.participantValidationTest()[pri:0, instance:com.niveus.ParticipantTest@545997b1] output=Participant Testcase is runnng..........]]]>
              </value>
            </param>
          </params>
          <reporter-output>
          </reporter-output>
        </test-method> <!-- getResult -->
      </class> <!-- com.niveus.ParticipantTest -->
      <class name="com.niveus.PatientInfoTest">
        <test-method is-config="true" signature="configBc()[pri:0, instance:com.niveus.PatientInfoTest@77846d2c]" started-at="2020-10-02T11:44:51 IST" name="configBc" finished-at="2020-10-02T11:45:00 IST" duration-ms="9582" status="PASS">
          <reporter-output>
            <line>
              <![CDATA[AfyaAdmin Page  is sucessgully displayed]]>
            </line>
          </reporter-output>
        </test-method> <!-- configBc -->
        <test-method signature="patientInfoValidationTest()[pri:0, instance:com.niveus.PatientInfoTest@77846d2c]" started-at="2020-10-02T11:45:00 IST" name="patientInfoValidationTest" finished-at="2020-10-02T11:45:37 IST" duration-ms="36472" status="PASS">
          <reporter-output>
            <line>
              <![CDATA[PatientInfo Testcase is runnng..........]]>
            </line>
            <line>
              <![CDATA[Login page is sucessfully displayed]]>
            </line>
            <line>
              <![CDATA[Submitter Provider role is selected]]>
            </line>
            <line>
              <![CDATA[sucessfully loged in and Home page is displayed]]>
            </line>
            <line>
              <![CDATA[count number is .......1]]>
            </line>
            <line>
              <![CDATA[sucessfully icd code is selected.................##########]]>
            </line>
            <line>
              <![CDATA[Doctor is sucessfully added to the cht session]]>
            </line>
            <line>
              <![CDATA[DOctor is assigned to the cht session]]>
            </line>
            <line>
              <![CDATA[Patien  is sucessgully added to the chat session]]>
            </line>
            <line>
              <![CDATA[Doctor is sucessfully added to the cht session]]>
            </line>
            <line>
              <![CDATA[DOctor is assigned to the cht session]]>
            </line>
            <line>
              <![CDATA[Patien  is sucessgully added to the chat session]]>
            </line>
            <line>
              <![CDATA[Doctor is sucessfully added to the cht session]]>
            </line>
            <line>
              <![CDATA[DOctor is assigned to the cht session]]>
            </line>
            <line>
              <![CDATA[Patien  is sucessgully added to the chat session]]>
            </line>
            <line>
              <![CDATA[Patient Details
Close
Name:
Prasad Shetty
Chief:
Have A Knee Pain In Leg
Dob:
11-11-1998
Gender:
Female
Year:
21 Years Old
Mobile:
16578901245
Email:
username795@gmail.com
Icd:
I11.0 Hypertensive Heart Disease With Heart Failure
Cpt:
Not Specified sucess]]>
            </line>
            <line>
              <![CDATA[patient name is displayed  sucesssfully]]>
            </line>
            <line>
              <![CDATA[patient date of birth  is displayed  sucesssfully]]>
            </line>
            <line>
              <![CDATA[patient year  is displayed  sucesssfully]]>
            </line>
            <line>
              <![CDATA[PatientInfoTest TestCase is sucessfully done ################################################## TEST IS PASS]]>
            </line>
          </reporter-output>
        </test-method> <!-- patientInfoValidationTest -->
        <test-method is-config="true" signature="getResult(org.testng.ITestResult)[pri:0, instance:com.niveus.PatientInfoTest@77846d2c]" started-at="2020-10-02T11:45:37 IST" name="getResult" finished-at="2020-10-02T11:45:37 IST" duration-ms="80" status="PASS">
          <params>
            <param index="0">
              <value>
                <![CDATA[[TestResult name=patientInfoValidationTest status=SUCCESS method=PatientInfoTest.patientInfoValidationTest()[pri:0, instance:com.niveus.PatientInfoTest@77846d2c] output=PatientInfo Testcase is runnng..........]]]>
              </value>
            </param>
          </params>
          <reporter-output>
          </reporter-output>
        </test-method> <!-- getResult -->
      </class> <!-- com.niveus.PatientInfoTest -->
      <class name="com.niveus.FilterTest">
        <test-method is-config="true" signature="configBc()[pri:0, instance:com.niveus.FilterTest@727803de]" started-at="2020-10-02T11:48:15 IST" name="configBc" finished-at="2020-10-02T11:48:21 IST" duration-ms="6714" status="PASS">
          <reporter-output>
            <line>
              <![CDATA[AfyaAdmin Page  is sucessgully displayed]]>
            </line>
          </reporter-output>
        </test-method> <!-- configBc -->
        <test-method signature="filterValidationTest()[pri:0, instance:com.niveus.FilterTest@727803de]" started-at="2020-10-02T11:48:21 IST" name="filterValidationTest" finished-at="2020-10-02T11:48:36 IST" duration-ms="14947" status="PASS">
          <reporter-output>
            <line>
              <![CDATA[FilterTest Testcase is runnng..........]]>
            </line>
            <line>
              <![CDATA[Login page is sucessfully displayed]]>
            </line>
            <line>
              <![CDATA[sucessfully logedin and Home page is displayed]]>
            </line>
            <line>
              <![CDATA[test2, Alvin +1
Sent an image
a few seconds ago
RE: prasad shetty]]>
            </line>
            <line>
              <![CDATA[First time stmp is  displayed........###########]]>
            </line>
            <line>
              <![CDATA[a few seconds ago]]>
            </line>
            <line>
              <![CDATA[a day ago]]>
            </line>
            <line>
              <![CDATA[filter is sucessfully applied]]>
            </line>
            <line>
              <![CDATA[Filter Test is sucessfully done ############################# TEST IS PASS]]>
            </line>
          </reporter-output>
        </test-method> <!-- filterValidationTest -->
        <test-method is-config="true" signature="getResult(org.testng.ITestResult)[pri:0, instance:com.niveus.FilterTest@727803de]" started-at="2020-10-02T11:48:36 IST" name="getResult" finished-at="2020-10-02T11:48:36 IST" duration-ms="68" status="PASS">
          <params>
            <param index="0">
              <value>
                <![CDATA[[TestResult name=filterValidationTest status=SUCCESS method=FilterTest.filterValidationTest()[pri:0, instance:com.niveus.FilterTest@727803de] output=FilterTest Testcase is runnng..........]]]>
              </value>
            </param>
          </params>
          <reporter-output>
          </reporter-output>
        </test-method> <!-- getResult -->
      </class> <!-- com.niveus.FilterTest -->
      <class name="com.niveus.AddSpecialityTest">
        <test-method is-config="true" signature="configBc()[pri:0, instance:com.niveus.AddSpecialityTest@4cf4d528]" started-at="2020-10-02T11:44:18 IST" name="configBc" finished-at="2020-10-02T11:44:29 IST" duration-ms="11594" status="PASS">
          <reporter-output>
            <line>
              <![CDATA[AfyaAdmin Page  is sucessgully displayed]]>
            </line>
          </reporter-output>
        </test-method> <!-- configBc -->
        <test-method signature="addspecialityValidationTest()[pri:0, instance:com.niveus.AddSpecialityTest@4cf4d528]" started-at="2020-10-02T11:44:29 IST" name="addspecialityValidationTest" finished-at="2020-10-02T11:44:51 IST" duration-ms="21193" status="PASS">
          <reporter-output>
            <line>
              <![CDATA[AddSpecialty testcase is running...........]]>
            </line>
            <line>
              <![CDATA[Login page is sucessfully displayed]]>
            </line>
            <line>
              <![CDATA[Submitter Provider role is selected]]>
            </line>
            <line>
              <![CDATA[sucessfully loged in and Home page is displayed]]>
            </line>
            <line>
              <![CDATA[chat session is sucessfully displayed in Add specialty..>>>>>>>>>>>]]>
            </line>
            <line>
              <![CDATA[Speciality list is displaying sucessfully]]>
            </line>
            <line>
              <![CDATA[Doctor is sucessfully added to the chat session]]>
            </line>
            <line>
              <![CDATA[AddSpeciality TestCase is sucessfully done ############################# TEST IS PASS]]>
            </line>
          </reporter-output>
        </test-method> <!-- addspecialityValidationTest -->
        <test-method is-config="true" signature="getResult(org.testng.ITestResult)[pri:0, instance:com.niveus.AddSpecialityTest@4cf4d528]" started-at="2020-10-02T11:44:51 IST" name="getResult" finished-at="2020-10-02T11:44:51 IST" duration-ms="80" status="PASS">
          <params>
            <param index="0">
              <value>
                <![CDATA[[TestResult name=addspecialityValidationTest status=SUCCESS method=AddSpecialityTest.addspecialityValidationTest()[pri:0, instance:com.niveus.AddSpecialityTest@4cf4d528] output=AddSpecialty testcase is running...........]]]>
              </value>
            </param>
          </params>
          <reporter-output>
          </reporter-output>
        </test-method> <!-- getResult -->
      </class> <!-- com.niveus.AddSpecialityTest -->
      <class name="com.niveus.ProfileUpadateTest">
        <test-method is-config="true" signature="configBc()[pri:0, instance:com.niveus.ProfileUpadateTest@4c762604]" started-at="2020-10-02T11:46:51 IST" name="configBc" finished-at="2020-10-02T11:47:06 IST" duration-ms="14235" status="PASS">
          <reporter-output>
            <line>
              <![CDATA[AfyaAdmin Page  is sucessgully displayed]]>
            </line>
          </reporter-output>
        </test-method> <!-- configBc -->
        <test-method signature="updateProfileInformation()[pri:0, instance:com.niveus.ProfileUpadateTest@4c762604]" started-at="2020-10-02T11:47:06 IST" name="updateProfileInformation" finished-at="2020-10-02T11:47:20 IST" duration-ms="14335" status="PASS">
          <reporter-output>
            <line>
              <![CDATA[ProfileUpdate Testcase is runnng..........]]>
            </line>
            <line>
              <![CDATA[Login page is sucessfully displayed]]>
            </line>
            <line>
              <![CDATA[sucessfully loged in and Home page is displayed]]>
            </line>
            <line>
              <![CDATA[Profile ingormation is sucessfully updated]]>
            </line>
            <line>
              <![CDATA[ProfileUpdateTest TestCase is sucessfully done ############################# TEST IS PASS]]>
            </line>
          </reporter-output>
        </test-method> <!-- updateProfileInformation -->
        <test-method is-config="true" signature="getResult(org.testng.ITestResult)[pri:0, instance:com.niveus.ProfileUpadateTest@4c762604]" started-at="2020-10-02T11:47:20 IST" name="getResult" finished-at="2020-10-02T11:47:20 IST" duration-ms="67" status="PASS">
          <params>
            <param index="0">
              <value>
                <![CDATA[[TestResult name=updateProfileInformation status=SUCCESS method=ProfileUpadateTest.updateProfileInformation()[pri:0, instance:com.niveus.ProfileUpadateTest@4c762604] output=ProfileUpdate Testcase is runnng..........]]]>
              </value>
            </param>
          </params>
          <reporter-output>
          </reporter-output>
        </test-method> <!-- getResult -->
      </class> <!-- com.niveus.ProfileUpadateTest -->
      <class name="com.niveus.ChatMemberTest">
        <test-method is-config="true" signature="configBc()[pri:0, instance:com.niveus.ChatMemberTest@df27fae]" started-at="2020-10-02T11:48:52 IST" name="configBc" finished-at="2020-10-02T11:49:04 IST" duration-ms="11768" status="PASS">
          <reporter-output>
            <line>
              <![CDATA[AfyaAdmin Page  is sucessgully displayed]]>
            </line>
          </reporter-output>
        </test-method> <!-- configBc -->
        <test-method signature="chatMemeberValidation()[pri:0, instance:com.niveus.ChatMemberTest@df27fae]" started-at="2020-10-02T11:49:04 IST" name="chatMemeberValidation" finished-at="2020-10-02T11:49:26 IST" duration-ms="22351" status="PASS">
          <reporter-output>
            <line>
              <![CDATA[Chatmember Testcase is running............]]>
            </line>
            <line>
              <![CDATA[Login page is sucessfully displayed]]>
            </line>
            <line>
              <![CDATA[Submitter Provider role is selected]]>
            </line>
            <line>
              <![CDATA[sucessfully logedin and Home page is displayed]]>
            </line>
            <line>
              <![CDATA[click on the new button sucessfully......###########]]>
            </line>
            <line>
              <![CDATA[sucessfully enter the speciality and chief complaint.........########]]>
            </line>
            <line>
              <![CDATA[Icd code is sucessfully displayed............############]]>
            </line>
            <line>
              <![CDATA[Doctor is sucessfully added to the chat session]]>
            </line>
            <line>
              <![CDATA[Doctor is assigned to the chat session]]>
            </line>
            <line>
              <![CDATA[Patient  is sucessfully added to the chat session]]>
            </line>
            <line>
              <![CDATA[Doctor is sucessfully added to the chat session]]>
            </line>
            <line>
              <![CDATA[DOctor is assigned to the chat session]]>
            </line>
            <line>
              <![CDATA[Patient  is sucessgully added to the chat session]]>
            </line>
            <line>
              <![CDATA[Responder 1 name  is displayed sucessfully]]>
            </line>
            <line>
              <![CDATA[patient name is displayed  sucesssfully]]>
            </line>
            <line>
              <![CDATA[ChatMember TestCase is sucessfully done  ############################# TEST IS PASS]]>
            </line>
          </reporter-output>
        </test-method> <!-- chatMemeberValidation -->
        <test-method is-config="true" signature="getResult(org.testng.ITestResult)[pri:0, instance:com.niveus.ChatMemberTest@df27fae]" started-at="2020-10-02T11:49:26 IST" name="getResult" finished-at="2020-10-02T11:49:26 IST" duration-ms="93" status="PASS">
          <params>
            <param index="0">
              <value>
                <![CDATA[[TestResult name=chatMemeberValidation status=SUCCESS method=ChatMemberTest.chatMemeberValidation()[pri:0, instance:com.niveus.ChatMemberTest@df27fae] output=Chatmember Testcase is running............]]]>
              </value>
            </param>
          </params>
          <reporter-output>
          </reporter-output>
        </test-method> <!-- getResult -->
      </class> <!-- com.niveus.ChatMemberTest -->
    </test> <!-- Surefire test -->
  </suite> <!-- Surefire suite -->
</testng-results>
