<?xml version="1.0" encoding="UTF-8"?>
<testng-results ignored="0" total="1" passed="1" failed="0" skipped="0">
  <reporter-output>
    <line>
      <![CDATA[ Page  is sucessfully displayed]]>
    </line>
    <line>
      <![CDATA[FilterTest Testcase is runnng..........]]>
    </line>
    <line>
      <![CDATA[Login page is sucessfully displayed]]>
    </line>
    <line>
      <![CDATA[Login Alert Popup found !!.Please peform an action......]]>
    </line>
    <line>
      <![CDATA[sucessfully logedin and Home page is displayed]]>
    </line>
    <line>
      <![CDATA[chat session is sucessfully displayed in Filter Test..>>>>>>>>>>>]]>
    </line>
    <line>
      <![CDATA[Test, APrasanna +1
a month ago
Kj
RE: Prasannnashetty Lname]]>
    </line>
    <line>
      <![CDATA[First time stmp is  displayed........!!!!!......]]>
    </line>
    <line>
      <![CDATA[4 months ago]]>
    </line>
    <line>
      <![CDATA[chat session is sucessfully displayed in Filter Test..>>>>>>>>>>>]]>
    </line>
    <line>
      <![CDATA[a month ago]]>
    </line>
    <line>
      <![CDATA[filter is sucessfully applied]]>
    </line>
    <line>
      <![CDATA[Filter Test is sucessfully done ############################# TEST IS PASS]]>
    </line>
  </reporter-output>
  <suite started-at="2021-04-06T21:10:16 IST" name="Default suite" finished-at="2021-04-06T21:10:55 IST" duration-ms="38807">
    <groups>
    </groups>
    <test started-at="2021-04-06T21:10:16 IST" name="Default test" finished-at="2021-04-06T21:10:55 IST" duration-ms="38807">
      <class name="com.niveus.FilterTest">
        <test-method is-config="true" signature="setUp()[pri:0, instance:com.niveus.FilterTest@add0edd]" started-at="2021-04-06T21:10:16 IST" name="setUp" finished-at="2021-04-06T21:10:16 IST" duration-ms="295" status="PASS">
          <reporter-output>
          </reporter-output>
        </test-method> <!-- setUp -->
        <test-method is-config="true" signature="configBc()[pri:0, instance:com.niveus.FilterTest@add0edd]" started-at="2021-04-06T21:10:16 IST" name="configBc" finished-at="2021-04-06T21:10:19 IST" duration-ms="2520" status="PASS">
          <reporter-output>
            <line>
              <![CDATA[ Page  is sucessfully displayed]]>
            </line>
          </reporter-output>
        </test-method> <!-- configBc -->
        <test-method is-config="true" signature="setUp()[pri:0, instance:com.niveus.FilterTest@add0edd]" started-at="2021-04-06T21:10:19 IST" name="setUp" finished-at="2021-04-06T21:10:19 IST" duration-ms="12" status="PASS">
          <reporter-output>
          </reporter-output>
        </test-method> <!-- setUp -->
        <test-method signature="filterValidationTest()[pri:0, instance:com.niveus.FilterTest@add0edd]" started-at="2021-04-06T21:10:19 IST" name="filterValidationTest" finished-at="2021-04-06T21:10:55 IST" duration-ms="36034" status="PASS">
          <reporter-output>
            <line>
              <![CDATA[FilterTest Testcase is runnng..........]]>
            </line>
            <line>
              <![CDATA[Login page is sucessfully displayed]]>
            </line>
            <line>
              <![CDATA[Login Alert Popup found !!.Please peform an action......]]>
            </line>
            <line>
              <![CDATA[sucessfully logedin and Home page is displayed]]>
            </line>
            <line>
              <![CDATA[chat session is sucessfully displayed in Filter Test..>>>>>>>>>>>]]>
            </line>
            <line>
              <![CDATA[Test, APrasanna +1
a month ago
Kj
RE: Prasannnashetty Lname]]>
            </line>
            <line>
              <![CDATA[First time stmp is  displayed........!!!!!......]]>
            </line>
            <line>
              <![CDATA[4 months ago]]>
            </line>
            <line>
              <![CDATA[chat session is sucessfully displayed in Filter Test..>>>>>>>>>>>]]>
            </line>
            <line>
              <![CDATA[a month ago]]>
            </line>
            <line>
              <![CDATA[filter is sucessfully applied]]>
            </line>
            <line>
              <![CDATA[Filter Test is sucessfully done ############################# TEST IS PASS]]>
            </line>
          </reporter-output>
        </test-method> <!-- filterValidationTest -->
        <test-method is-config="true" signature="getResult(org.testng.ITestResult)[pri:0, instance:com.niveus.FilterTest@add0edd]" started-at="2021-04-06T21:10:55 IST" name="getResult" finished-at="2021-04-06T21:10:55 IST" duration-ms="188" status="PASS">
          <params>
            <param index="0">
              <value>
                <![CDATA[[TestResult name=filterValidationTest status=SUCCESS method=FilterTest.filterValidationTest()[pri:0, instance:com.niveus.FilterTest@add0edd] output=FilterTest Testcase is runnng..........]]]>
              </value>
            </param>
          </params>
          <reporter-output>
          </reporter-output>
        </test-method> <!-- getResult -->
        <test-method is-config="true" signature="flushReport()[pri:0, instance:com.niveus.FilterTest@add0edd]" started-at="2021-04-06T21:10:55 IST" name="flushReport" finished-at="2021-04-06T21:12:13 IST" duration-ms="78416" status="PASS">
          <reporter-output>
          </reporter-output>
        </test-method> <!-- flushReport -->
      </class> <!-- com.niveus.FilterTest -->
    </test> <!-- Default test -->
  </suite> <!-- Default suite -->
</testng-results>
